This is cmdstanr version 0.5.2
- CmdStanR documentation and vignettes: mc-stan.org/cmdstanr
- CmdStan path: /usr/lusers/mmin/.cmdstan/cmdstan-2.30.1
- CmdStan version: 2.30.1
This is posterior version 1.2.2

Attaching package: ‘posterior’

The following objects are masked from ‘package:stats’:

    mad, sd, var

── Attaching packages ─────────────────────────────────────── tidyverse 1.3.1 ──
✔ ggplot2 3.3.6     ✔ purrr   0.3.4
✔ tibble  3.1.7     ✔ dplyr   1.0.9
✔ tidyr   1.2.0     ✔ stringr 1.4.0
✔ readr   2.1.2     ✔ forcats 0.5.1
── Conflicts ────────────────────────────────────────── tidyverse_conflicts() ──
✖ dplyr::filter() masks stats::filter()
✖ dplyr::lag()    masks stats::lag()

Attaching package: ‘lubridate’

The following objects are masked from ‘package:base’:

    date, intersect, setdiff, union

real b0_matrix_2_1;
real b0_matrix_1_2;
real b0_matrix_3_2;
real b0_matrix_10_2;
real b0_matrix_12_2;
real b0_matrix_2_3;
real b0_matrix_4_3;
real b0_matrix_8_3;
real b0_matrix_3_4;
real b0_matrix_5_4;
real b0_matrix_4_5;
real b0_matrix_6_5;
real b0_matrix_17_5;
real b0_matrix_5_6;
real b0_matrix_7_6;
real b0_matrix_18_6;
real b0_matrix_6_7;
real b0_matrix_19_7;
real b0_matrix_20_7;
real b0_matrix_28_7;
real b0_matrix_3_8;
real b0_matrix_9_8;
real b0_matrix_8_9;
real b0_matrix_23_9;
real b0_matrix_2_10;
real b0_matrix_2_11;
real b0_matrix_2_12;
real b0_matrix_2_13;
real b0_matrix_2_14;
real b0_matrix_3_15;
real b0_matrix_3_16;
real b0_matrix_5_17;
real b0_matrix_6_18;
real b0_matrix_7_19;
real b0_matrix_7_20;
real b0_matrix_8_21;
real b0_matrix_9_22;
real b0_matrix_9_23;
real b0_matrix_9_24;
real b0_matrix_9_25;
real b0_matrix_9_26;
real b0_matrix_2_27;
real b0_matrix_7_28;
real borigin1_matrix_4_3;
real borigin1_matrix_3_4;
real borigin1_matrix_5_4;
real borigin1_matrix_4_5;
real borigin1_matrix_6_5;
real borigin1_matrix_17_5;
real borigin1_matrix_5_6;
real borigin1_matrix_7_6;
real borigin1_matrix_18_6;
real borigin1_matrix_6_7;
real borigin1_matrix_19_7;
real borigin1_matrix_20_7;
real borigin1_matrix_28_7;
real borigin1_matrix_5_17;
real borigin1_matrix_6_18;
real borigin1_matrix_7_19;
real borigin1_matrix_7_20;
real borigin1_matrix_7_28;

real borigin2_matrix_4_3;
real borigin2_matrix_3_4;
real borigin2_matrix_5_4;
real borigin2_matrix_4_5;
real borigin2_matrix_6_5;
real borigin2_matrix_17_5;
real borigin2_matrix_5_6;
real borigin2_matrix_7_6;
real borigin2_matrix_18_6;
real borigin2_matrix_6_7;
real borigin2_matrix_19_7;
real borigin2_matrix_20_7;
real borigin2_matrix_28_7;
real borigin2_matrix_5_17;
real borigin2_matrix_6_18;
real borigin2_matrix_7_19;
real borigin2_matrix_7_20;
real borigin2_matrix_7_28;

real borigin3_matrix_4_3;
real borigin3_matrix_3_4;
real borigin3_matrix_5_4;
real borigin3_matrix_4_5;
real borigin3_matrix_6_5;
real borigin3_matrix_17_5;
real borigin3_matrix_5_6;
real borigin3_matrix_7_6;
real borigin3_matrix_18_6;
real borigin3_matrix_6_7;
real borigin3_matrix_19_7;
real borigin3_matrix_20_7;
real borigin3_matrix_28_7;
real borigin3_matrix_5_17;
real borigin3_matrix_6_18;
real borigin3_matrix_7_19;
real borigin3_matrix_7_20;
real borigin3_matrix_7_28;

b0_matrix[2,1] = b0_matrix_2_1;
b0_matrix[1,2] = b0_matrix_1_2;
b0_matrix[3,2] = b0_matrix_3_2;
b0_matrix[10,2] = b0_matrix_10_2;
b0_matrix[12,2] = b0_matrix_12_2;
b0_matrix[2,3] = b0_matrix_2_3;
b0_matrix[4,3] = b0_matrix_4_3;
b0_matrix[8,3] = b0_matrix_8_3;
b0_matrix[3,4] = b0_matrix_3_4;
b0_matrix[5,4] = b0_matrix_5_4;
b0_matrix[4,5] = b0_matrix_4_5;
b0_matrix[6,5] = b0_matrix_6_5;
b0_matrix[17,5] = b0_matrix_17_5;
b0_matrix[5,6] = b0_matrix_5_6;
b0_matrix[7,6] = b0_matrix_7_6;
b0_matrix[18,6] = b0_matrix_18_6;
b0_matrix[6,7] = b0_matrix_6_7;
b0_matrix[19,7] = b0_matrix_19_7;
b0_matrix[20,7] = b0_matrix_20_7;
b0_matrix[28,7] = b0_matrix_28_7;
b0_matrix[3,8] = b0_matrix_3_8;
b0_matrix[9,8] = b0_matrix_9_8;
b0_matrix[8,9] = b0_matrix_8_9;
b0_matrix[23,9] = b0_matrix_23_9;
b0_matrix[2,10] = b0_matrix_2_10;
b0_matrix[2,11] = b0_matrix_2_11;
b0_matrix[2,12] = b0_matrix_2_12;
b0_matrix[2,13] = b0_matrix_2_13;
b0_matrix[2,14] = b0_matrix_2_14;
b0_matrix[3,15] = b0_matrix_3_15;
b0_matrix[3,16] = b0_matrix_3_16;
b0_matrix[5,17] = b0_matrix_5_17;
b0_matrix[6,18] = b0_matrix_6_18;
b0_matrix[7,19] = b0_matrix_7_19;
b0_matrix[7,20] = b0_matrix_7_20;
b0_matrix[8,21] = b0_matrix_8_21;
b0_matrix[9,22] = b0_matrix_9_22;
b0_matrix[9,23] = b0_matrix_9_23;
b0_matrix[9,24] = b0_matrix_9_24;
b0_matrix[9,25] = b0_matrix_9_25;
b0_matrix[9,26] = b0_matrix_9_26;
b0_matrix[2,27] = b0_matrix_2_27;
b0_matrix[7,28] = b0_matrix_7_28;
borigin1_matrix[4,3] = borigin1_matrix_4_3;
borigin1_matrix[3,4] = borigin1_matrix_3_4;
borigin1_matrix[5,4] = borigin1_matrix_5_4;
borigin1_matrix[4,5] = borigin1_matrix_4_5;
borigin1_matrix[6,5] = borigin1_matrix_6_5;
borigin1_matrix[17,5] = borigin1_matrix_17_5;
borigin1_matrix[5,6] = borigin1_matrix_5_6;
borigin1_matrix[7,6] = borigin1_matrix_7_6;
borigin1_matrix[18,6] = borigin1_matrix_18_6;
borigin1_matrix[6,7] = borigin1_matrix_6_7;
borigin1_matrix[19,7] = borigin1_matrix_19_7;
borigin1_matrix[20,7] = borigin1_matrix_20_7;
borigin1_matrix[28,7] = borigin1_matrix_28_7;
borigin1_matrix[5,17] = borigin1_matrix_5_17;
borigin1_matrix[6,18] = borigin1_matrix_6_18;
borigin1_matrix[7,19] = borigin1_matrix_7_19;
borigin1_matrix[7,20] = borigin1_matrix_7_20;
borigin1_matrix[7,28] = borigin1_matrix_7_28;

borigin2_matrix[4,3] = borigin2_matrix_4_3;
borigin2_matrix[3,4] = borigin2_matrix_3_4;
borigin2_matrix[5,4] = borigin2_matrix_5_4;
borigin2_matrix[4,5] = borigin2_matrix_4_5;
borigin2_matrix[6,5] = borigin2_matrix_6_5;
borigin2_matrix[17,5] = borigin2_matrix_17_5;
borigin2_matrix[5,6] = borigin2_matrix_5_6;
borigin2_matrix[7,6] = borigin2_matrix_7_6;
borigin2_matrix[18,6] = borigin2_matrix_18_6;
borigin2_matrix[6,7] = borigin2_matrix_6_7;
borigin2_matrix[19,7] = borigin2_matrix_19_7;
borigin2_matrix[20,7] = borigin2_matrix_20_7;
borigin2_matrix[28,7] = borigin2_matrix_28_7;
borigin2_matrix[5,17] = borigin2_matrix_5_17;
borigin2_matrix[6,18] = borigin2_matrix_6_18;
borigin2_matrix[7,19] = borigin2_matrix_7_19;
borigin2_matrix[7,20] = borigin2_matrix_7_20;
borigin2_matrix[7,28] = borigin2_matrix_7_28;

borigin3_matrix[4,3] = borigin3_matrix_4_3;
borigin3_matrix[3,4] = borigin3_matrix_3_4;
borigin3_matrix[5,4] = borigin3_matrix_5_4;
borigin3_matrix[4,5] = borigin3_matrix_4_5;
borigin3_matrix[6,5] = borigin3_matrix_6_5;
borigin3_matrix[17,5] = borigin3_matrix_17_5;
borigin3_matrix[5,6] = borigin3_matrix_5_6;
borigin3_matrix[7,6] = borigin3_matrix_7_6;
borigin3_matrix[18,6] = borigin3_matrix_18_6;
borigin3_matrix[6,7] = borigin3_matrix_6_7;
borigin3_matrix[19,7] = borigin3_matrix_19_7;
borigin3_matrix[20,7] = borigin3_matrix_20_7;
borigin3_matrix[28,7] = borigin3_matrix_28_7;
borigin3_matrix[5,17] = borigin3_matrix_5_17;
borigin3_matrix[6,18] = borigin3_matrix_6_18;
borigin3_matrix[7,19] = borigin3_matrix_7_19;
borigin3_matrix[7,20] = borigin3_matrix_7_20;
borigin3_matrix[7,28] = borigin3_matrix_7_28;

borigin1_matrix[2,1] = 0;
borigin1_matrix[1,2] = 0;
borigin1_matrix[3,2] = 0;
borigin1_matrix[10,2] = 0;
borigin1_matrix[12,2] = 0;
borigin1_matrix[2,3] = 0;
borigin1_matrix[8,3] = 0;
borigin1_matrix[3,8] = 0;
borigin1_matrix[9,8] = 0;
borigin1_matrix[8,9] = 0;
borigin1_matrix[23,9] = 0;
borigin1_matrix[2,10] = 0;
borigin1_matrix[2,11] = 0;
borigin1_matrix[2,12] = 0;
borigin1_matrix[2,13] = 0;
borigin1_matrix[2,14] = 0;
borigin1_matrix[3,15] = 0;
borigin1_matrix[3,16] = 0;
borigin1_matrix[8,21] = 0;
borigin1_matrix[9,22] = 0;
borigin1_matrix[9,23] = 0;
borigin1_matrix[9,24] = 0;
borigin1_matrix[9,25] = 0;
borigin1_matrix[9,26] = 0;
borigin1_matrix[2,27] = 0;

borigin2_matrix[2,1] = 0;
borigin2_matrix[1,2] = 0;
borigin2_matrix[3,2] = 0;
borigin2_matrix[10,2] = 0;
borigin2_matrix[12,2] = 0;
borigin2_matrix[2,3] = 0;
borigin2_matrix[8,3] = 0;
borigin2_matrix[3,8] = 0;
borigin2_matrix[9,8] = 0;
borigin2_matrix[8,9] = 0;
borigin2_matrix[23,9] = 0;
borigin2_matrix[2,10] = 0;
borigin2_matrix[2,11] = 0;
borigin2_matrix[2,12] = 0;
borigin2_matrix[2,13] = 0;
borigin2_matrix[2,14] = 0;
borigin2_matrix[3,15] = 0;
borigin2_matrix[3,16] = 0;
borigin2_matrix[8,21] = 0;
borigin2_matrix[9,22] = 0;
borigin2_matrix[9,23] = 0;
borigin2_matrix[9,24] = 0;
borigin2_matrix[9,25] = 0;
borigin2_matrix[9,26] = 0;
borigin2_matrix[2,27] = 0;

borigin3_matrix[2,1] = 0;
borigin3_matrix[1,2] = 0;
borigin3_matrix[3,2] = 0;
borigin3_matrix[10,2] = 0;
borigin3_matrix[12,2] = 0;
borigin3_matrix[2,3] = 0;
borigin3_matrix[8,3] = 0;
borigin3_matrix[3,8] = 0;
borigin3_matrix[9,8] = 0;
borigin3_matrix[8,9] = 0;
borigin3_matrix[23,9] = 0;
borigin3_matrix[2,10] = 0;
borigin3_matrix[2,11] = 0;
borigin3_matrix[2,12] = 0;
borigin3_matrix[2,13] = 0;
borigin3_matrix[2,14] = 0;
borigin3_matrix[3,15] = 0;
borigin3_matrix[3,16] = 0;
borigin3_matrix[8,21] = 0;
borigin3_matrix[9,22] = 0;
borigin3_matrix[9,23] = 0;
borigin3_matrix[9,24] = 0;
borigin3_matrix[9,25] = 0;
borigin3_matrix[9,26] = 0;
borigin3_matrix[2,27] = 0;

b0_matrix_2_1 ~ normal(0,10);
b0_matrix_1_2 ~ normal(0,10);
b0_matrix_3_2 ~ normal(0,10);
b0_matrix_10_2 ~ normal(0,10);
b0_matrix_12_2 ~ normal(0,10);
b0_matrix_2_3 ~ normal(0,10);
b0_matrix_4_3 ~ normal(0,10);
b0_matrix_8_3 ~ normal(0,10);
b0_matrix_3_4 ~ normal(0,10);
b0_matrix_5_4 ~ normal(0,10);
b0_matrix_4_5 ~ normal(0,10);
b0_matrix_6_5 ~ normal(0,10);
b0_matrix_17_5 ~ normal(0,10);
b0_matrix_5_6 ~ normal(0,10);
b0_matrix_7_6 ~ normal(0,10);
b0_matrix_18_6 ~ normal(0,10);
b0_matrix_6_7 ~ normal(0,10);
b0_matrix_19_7 ~ normal(0,10);
b0_matrix_20_7 ~ normal(0,10);
b0_matrix_28_7 ~ normal(0,10);
b0_matrix_3_8 ~ normal(0,10);
b0_matrix_9_8 ~ normal(0,10);
b0_matrix_8_9 ~ normal(0,10);
b0_matrix_23_9 ~ normal(0,10);
b0_matrix_2_10 ~ normal(0,10);
b0_matrix_2_11 ~ normal(0,10);
b0_matrix_2_12 ~ normal(0,10);
b0_matrix_2_13 ~ normal(0,10);
b0_matrix_2_14 ~ normal(0,10);
b0_matrix_3_15 ~ normal(0,10);
b0_matrix_3_16 ~ normal(0,10);
b0_matrix_5_17 ~ normal(0,10);
b0_matrix_6_18 ~ normal(0,10);
b0_matrix_7_19 ~ normal(0,10);
b0_matrix_7_20 ~ normal(0,10);
b0_matrix_8_21 ~ normal(0,10);
b0_matrix_9_22 ~ normal(0,10);
b0_matrix_9_23 ~ normal(0,10);
b0_matrix_9_24 ~ normal(0,10);
b0_matrix_9_25 ~ normal(0,10);
b0_matrix_9_26 ~ normal(0,10);
b0_matrix_2_27 ~ normal(0,10);
b0_matrix_7_28 ~ normal(0,10);
borigin1_matrix_4_3 ~ normal(0,10);
borigin1_matrix_3_4 ~ normal(0,10);
borigin1_matrix_5_4 ~ normal(0,10);
borigin1_matrix_4_5 ~ normal(0,10);
borigin1_matrix_6_5 ~ normal(0,10);
borigin1_matrix_17_5 ~ normal(0,10);
borigin1_matrix_5_6 ~ normal(0,10);
borigin1_matrix_7_6 ~ normal(0,10);
borigin1_matrix_18_6 ~ normal(0,10);
borigin1_matrix_6_7 ~ normal(0,10);
borigin1_matrix_19_7 ~ normal(0,10);
borigin1_matrix_20_7 ~ normal(0,10);
borigin1_matrix_28_7 ~ normal(0,10);
borigin1_matrix_5_17 ~ normal(0,10);
borigin1_matrix_6_18 ~ normal(0,10);
borigin1_matrix_7_19 ~ normal(0,10);
borigin1_matrix_7_20 ~ normal(0,10);
borigin1_matrix_7_28 ~ normal(0,10);

borigin2_matrix_4_3 ~ normal(0,10);
borigin2_matrix_3_4 ~ normal(0,10);
borigin2_matrix_5_4 ~ normal(0,10);
borigin2_matrix_4_5 ~ normal(0,10);
borigin2_matrix_6_5 ~ normal(0,10);
borigin2_matrix_17_5 ~ normal(0,10);
borigin2_matrix_5_6 ~ normal(0,10);
borigin2_matrix_7_6 ~ normal(0,10);
borigin2_matrix_18_6 ~ normal(0,10);
borigin2_matrix_6_7 ~ normal(0,10);
borigin2_matrix_19_7 ~ normal(0,10);
borigin2_matrix_20_7 ~ normal(0,10);
borigin2_matrix_28_7 ~ normal(0,10);
borigin2_matrix_5_17 ~ normal(0,10);
borigin2_matrix_6_18 ~ normal(0,10);
borigin2_matrix_7_19 ~ normal(0,10);
borigin2_matrix_7_20 ~ normal(0,10);
borigin2_matrix_7_28 ~ normal(0,10);

borigin3_matrix_4_3 ~ normal(0,10);
borigin3_matrix_3_4 ~ normal(0,10);
borigin3_matrix_5_4 ~ normal(0,10);
borigin3_matrix_4_5 ~ normal(0,10);
borigin3_matrix_6_5 ~ normal(0,10);
borigin3_matrix_17_5 ~ normal(0,10);
borigin3_matrix_5_6 ~ normal(0,10);
borigin3_matrix_7_6 ~ normal(0,10);
borigin3_matrix_18_6 ~ normal(0,10);
borigin3_matrix_6_7 ~ normal(0,10);
borigin3_matrix_19_7 ~ normal(0,10);
borigin3_matrix_20_7 ~ normal(0,10);
borigin3_matrix_28_7 ~ normal(0,10);
borigin3_matrix_5_17 ~ normal(0,10);
borigin3_matrix_6_18 ~ normal(0,10);
borigin3_matrix_7_19 ~ normal(0,10);
borigin3_matrix_7_20 ~ normal(0,10);
borigin3_matrix_7_28 ~ normal(0,10);

[1] "2022-08-18 22:05:09 PDT"
[1] "2022-08-18 22:05:29 PDT"
[1] "2022-08-18 22:05:35 PDT"
Warning in '/tmp/RtmpjDsp82/model-fc42bf34c0.stan', line 34, column 28: Comments
    beginning with # are deprecated and this syntax will be removed in Stan
    2.32.0. Use // to begin line comments; this can be done automatically
    using the auto-format flag to stanc
Warning in '/tmp/RtmpjDsp82/model-fc42bf34c0.stan', line 51, column 4: Comments
    beginning with # are deprecated and this syntax will be removed in Stan
    2.32.0. Use // to begin line comments; this can be done automatically
    using the auto-format flag to stanc
Warning in '/tmp/RtmpjDsp82/model-fc42bf34c0.stan', line 389, column 0: Comments
    beginning with # are deprecated and this syntax will be removed in Stan
    2.32.0. Use // to begin line comments; this can be done automatically
    using the auto-format flag to stanc
Warning in '/tmp/RtmpjDsp82/model-fc42bf34c0.stan', line 400, column 2: Comments
    beginning with # are deprecated and this syntax will be removed in Stan
    2.32.0. Use // to begin line comments; this can be done automatically
    using the auto-format flag to stanc
Warning in '/tmp/RtmpjDsp82/model-fc42bf34c0.stan', line 411, column 0: Comments
    beginning with # are deprecated and this syntax will be removed in Stan
    2.32.0. Use // to begin line comments; this can be done automatically
    using the auto-format flag to stanc

Running MCMC with 1 chain, with 28 thread(s) per chain...

Chain 1 WARNING: No variance estimation is 
Chain 1          performed for num_warmup < 20 
Chain 1 Iteration: 1 / 4 [ 25%]  (Warmup) 
Chain 1 Iteration: 3 / 4 [ 75%]  (Sampling) 
Chain 1 Iteration: 4 / 4 [100%]  (Sampling) 
Chain 1 finished in 0.2 seconds.
Warning: 2 of 2 (100.0%) transitions ended with a divergence.
See https://mc-stan.org/misc/warnings for details.

Warning message:
E-BFMI not computed because it is undefined for posterior chains of length less than 3. 

                    Deschutes River - mainstem, BON to MCN 
                                                       170 
                       Entiat River - mainstem, RRE to WEL 
                                                        20 
                         Hood River - mainstem, BON to MCN 
                                                         2 
                    mainstem, BON to MCN - Deschutes River 
                                                       195 
                         mainstem, BON to MCN - Hood River 
                                                         2 
        mainstem, BON to MCN - mainstem, MCN to ICH or PRA 
                                                     11281 
             mainstem, BON to MCN - mainstem, mouth to BON 
                                                       179 
        mainstem, ICH to LGR - mainstem, MCN to ICH or PRA 
                                                         1 
          mainstem, ICH to LGR - mainstem, upstream of LGR 
                                                         9 
                        mainstem, MCN to ICH or PRA - loss 
                                                         2 
        mainstem, MCN to ICH or PRA - mainstem, BON to MCN 
                                                       110 
        mainstem, MCN to ICH or PRA - mainstem, ICH to LGR 
                                                         7 
        mainstem, MCN to ICH or PRA - mainstem, PRA to RIS 
                                                     11212 
             mainstem, mouth to BON - mainstem, BON to MCN 
                                                       256 
                               mainstem, PRA to RIS - loss 
                                                        25 
        mainstem, PRA to RIS - mainstem, MCN to ICH or PRA 
                                                       151 
               mainstem, PRA to RIS - mainstem, RIS to RRE 
                                                     10877 
                               mainstem, RIS to RRE - loss 
                                                        68 
               mainstem, RIS to RRE - mainstem, PRA to RIS 
                                                       127 
               mainstem, RIS to RRE - mainstem, RRE to WEL 
                                                      9524 
                    mainstem, RIS to RRE - Wenatchee River 
                                                      1419 
                       mainstem, RRE to WEL - Entiat River 
                                                       415 
                               mainstem, RRE to WEL - loss 
                                                       309 
               mainstem, RRE to WEL - mainstem, RIS to RRE 
                                                       716 
          mainstem, RRE to WEL - mainstem, upstream of WEL 
                                                      8153 
              mainstem, upstream of LGR - Clearwater River 
                                                         1 
          mainstem, upstream of LGR - mainstem, ICH to LGR 
                                                         3 
                          mainstem, upstream of WEL - loss 
                                                         8 
          mainstem, upstream of WEL - mainstem, RRE to WEL 
                                                       663 
                  mainstem, upstream of WEL - Methow River 
                                                      1561 
                mainstem, upstream of WEL - Okanogan River 
                                                       721 
mainstem, upstream of WEL - Upstream WEL other tributaries 
                                                        10 
                  Methow River - mainstem, upstream of WEL 
                                                        65 
                Okanogan River - mainstem, upstream of WEL 
                                                         3 
                    Wenatchee River - mainstem, RIS to RRE 
                                                        76 

 1 - 2 10 - 2 12 - 2 17 - 5 18 - 6 19 - 7  2 - 1 2 - 10 2 - 12  2 - 3 20 - 7 
   256    170      2     76     20      3    179    195      2  11281     65 
 3 - 2 3 - 29  3 - 4  3 - 8 4 - 29  4 - 3  4 - 5 5 - 17 5 - 29  5 - 4  5 - 6 
   110      2  11212      7     25    151  10877   1419     68    127   9524 
6 - 18 6 - 29  6 - 5  6 - 7 7 - 19 7 - 20 7 - 28 7 - 29  7 - 6  8 - 3  8 - 9 
   415    309    716   8153    721   1561     10      8    663      1      9 
9 - 23  9 - 8 
     1      3 
 [1] "John Day River"               "Fifteenmile Creek"           
 [3] "Umatilla River"               "Yakima River"                
 [5] "Walla Walla River"            "Tucannon River"              
 [7] "Asotin Creek"                 "Salmon River"                
 [9] "Grande Ronde River"           "Imnaha River"                
[11] "BON to MCN other tributaries"
