This is cmdstanr version 0.5.2
- CmdStanR documentation and vignettes: mc-stan.org/cmdstanr
- CmdStan path: /usr/lusers/mmin/.cmdstan/cmdstan-2.30.1
- CmdStan version: 2.30.1
This is posterior version 1.2.2

Attaching package: ‘posterior’

The following objects are masked from ‘package:stats’:

    mad, sd, var

── Attaching packages ─────────────────────────────────────── tidyverse 1.3.1 ──
✔ ggplot2 3.3.6     ✔ purrr   0.3.4
✔ tibble  3.1.7     ✔ dplyr   1.0.9
✔ tidyr   1.2.0     ✔ stringr 1.4.0
✔ readr   2.1.2     ✔ forcats 0.5.1
── Conflicts ────────────────────────────────────────── tidyverse_conflicts() ──
✖ dplyr::filter() masks stats::filter()
✖ dplyr::lag()    masks stats::lag()

Attaching package: ‘lubridate’

The following objects are masked from ‘package:base’:

    date, intersect, setdiff, union

 [1] "1 - mainstem, mouth to BON"          "2 - mainstem, BON to MCN"           
 [3] "3 - mainstem, MCN to ICH or PRA"     "4 - mainstem, PRA to RIS"           
 [5] "5 - mainstem, RIS to RRE"            "6 - mainstem, RRE to WEL"           
 [7] "7 - mainstem, upstream of WEL"       "8 - mainstem, ICH to LGR"           
 [9] "9 - mainstem, upstream of LGR"       "10 - Deschutes River Mouth"         
[11] "11 - Deschutes River Upstream"       "12 - John Day River Mouth"          
[13] "13 - John Day River Upstream"        "14 - Hood River Mouth"              
[15] "15 - Hood River Upstream"            "16 - Fifteenmile Creek Mouth"       
[17] "17 - Fifteenmile Creek Upstream"     "18 - Umatilla River Mouth"          
[19] "19 - Umatilla River Upstream"        "20 - Yakima River Mouth"            
[21] "21 - Yakima River Upstream"          "22 - Walla Walla River Mouth"       
[23] "23 - Walla Walla River Upstream"     "24 - Wenatchee River Mouth"         
[25] "25 - Wenatchee River Upstream"       "26 - Entiat River Mouth"            
[27] "27 - Entiat River Upstream"          "28 - Okanogan River Mouth"          
[29] "29 - Okanogan River Upstream"        "30 - Methow River Mouth"            
[31] "31 - Methow River Upstream"          "32 - Tucannon River Mouth"          
[33] "33 - Tucannon River Upstream"        "34 - Asotin Creek Mouth"            
[35] "35 - Asotin Creek Upstream"          "36 - Clearwater River"              
[37] "37 - Salmon River"                   "38 - Grande Ronde River"            
[39] "39 - Imnaha River Mouth"             "40 - Imnaha River Upstream"         
[41] "41 - BON to MCN other tributaries"   "42 - Upstream WEL other tributaries"
[43] "43 - loss"                          
real b0_matrix_1_2;
real b0_matrix_2_1;
real b0_matrix_2_3;
real b0_matrix_2_10_DE;
real b0_matrix_2_10_NDE;
real b0_matrix_2_12_DE;
real b0_matrix_2_12_NDE;
real b0_matrix_2_14_DE;
real b0_matrix_2_14_NDE;
real b0_matrix_2_16_DE;
real b0_matrix_2_16_NDE;
real b0_matrix_2_18_DE;
real b0_matrix_2_18_NDE;
real b0_matrix_2_41;
real b0_matrix_3_2;
real b0_matrix_3_4;
real b0_matrix_3_8;
real b0_matrix_3_20_DE;
real b0_matrix_3_20_NDE;
real b0_matrix_3_22_DE;
real b0_matrix_3_22_NDE;
real b0_matrix_4_3;
real b0_matrix_4_5;
real b0_matrix_5_4;
real b0_matrix_5_6;
real b0_matrix_5_24_DE;
real b0_matrix_5_24_NDE;
real b0_matrix_6_5;
real b0_matrix_6_7;
real b0_matrix_6_26_DE;
real b0_matrix_6_26_NDE;
real b0_matrix_7_6;
real b0_matrix_7_28_DE;
real b0_matrix_7_28_NDE;
real b0_matrix_7_30_DE;
real b0_matrix_7_30_NDE;
real b0_matrix_7_42;
real b0_matrix_8_3;
real b0_matrix_8_9;
real b0_matrix_8_32_DE;
real b0_matrix_8_32_NDE;
real b0_matrix_9_8;
real b0_matrix_9_34_DE;
real b0_matrix_9_34_NDE;
real b0_matrix_9_36;
real b0_matrix_9_37;
real b0_matrix_9_38;
real b0_matrix_9_39_DE;
real b0_matrix_9_39_NDE;
real b0_matrix_10_2;
real b0_matrix_12_2;
real b0_matrix_14_2;
real b0_matrix_16_2;
real b0_matrix_18_2;
real b0_matrix_20_3;
real b0_matrix_22_3;
real b0_matrix_24_5;
real b0_matrix_28_7;
real b0_matrix_30_7;
real b0_matrix_32_8;
real b0_matrix_34_9;
real b0_matrix_36_9;
real b0_matrix_37_9;
real b0_matrix_38_9;
real b0_matrix_39_9;
real b0_matrix_41_2;
real borigin1_matrix_1_2;
real borigin1_matrix_2_1;
real borigin1_matrix_2_3;
real borigin1_matrix_2_10_DE;
real borigin1_matrix_2_10_NDE;
real borigin1_matrix_2_12_DE;
real borigin1_matrix_2_12_NDE;
real borigin1_matrix_2_14_DE;
real borigin1_matrix_2_14_NDE;
real borigin1_matrix_2_16_DE;
real borigin1_matrix_2_16_NDE;
real borigin1_matrix_2_18_DE;
real borigin1_matrix_2_18_NDE;
real borigin1_matrix_2_41;
real borigin1_matrix_3_2;
real borigin1_matrix_3_4;
real borigin1_matrix_3_8;
real borigin1_matrix_3_20_DE;
real borigin1_matrix_3_20_NDE;
real borigin1_matrix_3_22_DE;
real borigin1_matrix_3_22_NDE;
real borigin1_matrix_4_3;
real borigin1_matrix_8_3;
real borigin1_matrix_10_2;
real borigin1_matrix_12_2;
real borigin1_matrix_14_2;
real borigin1_matrix_16_2;
real borigin1_matrix_18_2;
real borigin1_matrix_20_3;
real borigin1_matrix_22_3;
real borigin1_matrix_41_2;

real borigin2_matrix_1_2;
real borigin2_matrix_2_1;
real borigin2_matrix_2_3;
real borigin2_matrix_2_10_DE;
real borigin2_matrix_2_10_NDE;
real borigin2_matrix_2_12_DE;
real borigin2_matrix_2_12_NDE;
real borigin2_matrix_2_14_DE;
real borigin2_matrix_2_14_NDE;
real borigin2_matrix_2_16_DE;
real borigin2_matrix_2_16_NDE;
real borigin2_matrix_2_18_DE;
real borigin2_matrix_2_18_NDE;
real borigin2_matrix_2_41;
real borigin2_matrix_3_2;
real borigin2_matrix_3_4;
real borigin2_matrix_3_8;
real borigin2_matrix_3_20_DE;
real borigin2_matrix_3_20_NDE;
real borigin2_matrix_3_22_DE;
real borigin2_matrix_3_22_NDE;
real borigin2_matrix_4_3;
real borigin2_matrix_8_3;
real borigin2_matrix_10_2;
real borigin2_matrix_12_2;
real borigin2_matrix_14_2;
real borigin2_matrix_16_2;
real borigin2_matrix_18_2;
real borigin2_matrix_20_3;
real borigin2_matrix_22_3;
real borigin2_matrix_41_2;

real borigin3_matrix_1_2;
real borigin3_matrix_2_1;
real borigin3_matrix_2_3;
real borigin3_matrix_2_10_DE;
real borigin3_matrix_2_10_NDE;
real borigin3_matrix_2_12_DE;
real borigin3_matrix_2_12_NDE;
real borigin3_matrix_2_14_DE;
real borigin3_matrix_2_14_NDE;
real borigin3_matrix_2_16_DE;
real borigin3_matrix_2_16_NDE;
real borigin3_matrix_2_18_DE;
real borigin3_matrix_2_18_NDE;
real borigin3_matrix_2_41;
real borigin3_matrix_3_2;
real borigin3_matrix_3_4;
real borigin3_matrix_3_8;
real borigin3_matrix_3_20_DE;
real borigin3_matrix_3_20_NDE;
real borigin3_matrix_3_22_DE;
real borigin3_matrix_3_22_NDE;
real borigin3_matrix_4_3;
real borigin3_matrix_8_3;
real borigin3_matrix_10_2;
real borigin3_matrix_12_2;
real borigin3_matrix_14_2;
real borigin3_matrix_16_2;
real borigin3_matrix_18_2;
real borigin3_matrix_20_3;
real borigin3_matrix_22_3;
real borigin3_matrix_41_2;

real borigin4_matrix_1_2;
real borigin4_matrix_2_1;
real borigin4_matrix_2_3;
real borigin4_matrix_2_10_DE;
real borigin4_matrix_2_10_NDE;
real borigin4_matrix_2_12_DE;
real borigin4_matrix_2_12_NDE;
real borigin4_matrix_2_14_DE;
real borigin4_matrix_2_14_NDE;
real borigin4_matrix_2_16_DE;
real borigin4_matrix_2_16_NDE;
real borigin4_matrix_2_18_DE;
real borigin4_matrix_2_18_NDE;
real borigin4_matrix_2_41;
real borigin4_matrix_3_2;
real borigin4_matrix_3_4;
real borigin4_matrix_3_8;
real borigin4_matrix_3_20_DE;
real borigin4_matrix_3_20_NDE;
real borigin4_matrix_3_22_DE;
real borigin4_matrix_3_22_NDE;
real borigin4_matrix_4_3;
real borigin4_matrix_8_3;
real borigin4_matrix_10_2;
real borigin4_matrix_12_2;
real borigin4_matrix_14_2;
real borigin4_matrix_16_2;
real borigin4_matrix_18_2;
real borigin4_matrix_20_3;
real borigin4_matrix_22_3;
real borigin4_matrix_41_2;

real borigin5_matrix_1_2;
real borigin5_matrix_2_1;
real borigin5_matrix_2_3;
real borigin5_matrix_2_10_DE;
real borigin5_matrix_2_10_NDE;
real borigin5_matrix_2_12_DE;
real borigin5_matrix_2_12_NDE;
real borigin5_matrix_2_14_DE;
real borigin5_matrix_2_14_NDE;
real borigin5_matrix_2_16_DE;
real borigin5_matrix_2_16_NDE;
real borigin5_matrix_2_18_DE;
real borigin5_matrix_2_18_NDE;
real borigin5_matrix_2_41;
real borigin5_matrix_3_2;
real borigin5_matrix_3_4;
real borigin5_matrix_3_8;
real borigin5_matrix_3_20_DE;
real borigin5_matrix_3_20_NDE;
real borigin5_matrix_3_22_DE;
real borigin5_matrix_3_22_NDE;
real borigin5_matrix_4_3;
real borigin5_matrix_8_3;
real borigin5_matrix_10_2;
real borigin5_matrix_12_2;
real borigin5_matrix_14_2;
real borigin5_matrix_16_2;
real borigin5_matrix_18_2;
real borigin5_matrix_20_3;
real borigin5_matrix_22_3;
real borigin5_matrix_41_2;

b0_matrix_DE[1,2] = b0_matrix_1_2;
b0_matrix_NDE[1,2] = b0_matrix_1_2;
b0_matrix_DE[2,1] = b0_matrix_2_1;
b0_matrix_NDE[2,1] = b0_matrix_2_1;
b0_matrix_DE[2,3] = b0_matrix_2_3;
b0_matrix_NDE[2,3] = b0_matrix_2_3;
b0_matrix_DE[2,10] = b0_matrix_2_10_DE;
b0_matrix_NDE[2,10] = b0_matrix_2_10_NDE;
b0_matrix_DE[2,11] = -100000;
b0_matrix_NDE[2,11] = b0_matrix_2_10_NDE;
b0_matrix_DE[2,12] = b0_matrix_2_12_DE;
b0_matrix_NDE[2,12] = b0_matrix_2_12_NDE;
b0_matrix_DE[2,13] = -100000;
b0_matrix_NDE[2,13] = b0_matrix_2_12_NDE;
b0_matrix_DE[2,14] = b0_matrix_2_14_DE;
b0_matrix_NDE[2,14] = b0_matrix_2_14_NDE;
b0_matrix_DE[2,15] = -100000;
b0_matrix_NDE[2,15] = b0_matrix_2_14_NDE;
b0_matrix_DE[2,16] = b0_matrix_2_16_DE;
b0_matrix_NDE[2,16] = b0_matrix_2_16_NDE;
b0_matrix_DE[2,17] = -100000;
b0_matrix_NDE[2,17] = b0_matrix_2_16_NDE;
b0_matrix_DE[2,18] = b0_matrix_2_18_DE;
b0_matrix_NDE[2,18] = b0_matrix_2_18_NDE;
b0_matrix_DE[2,19] = -100000;
b0_matrix_NDE[2,19] = b0_matrix_2_18_NDE;
b0_matrix_DE[2,41] = b0_matrix_2_41;
b0_matrix_NDE[2,41] = b0_matrix_2_41;
b0_matrix_DE[3,2] = b0_matrix_3_2;
b0_matrix_NDE[3,2] = b0_matrix_3_2;
b0_matrix_DE[3,4] = b0_matrix_3_4;
b0_matrix_NDE[3,4] = b0_matrix_3_4;
b0_matrix_DE[3,8] = b0_matrix_3_8;
b0_matrix_NDE[3,8] = b0_matrix_3_8;
b0_matrix_DE[3,20] = b0_matrix_3_20_DE;
b0_matrix_NDE[3,20] = b0_matrix_3_20_NDE;
b0_matrix_DE[3,21] = -100000;
b0_matrix_NDE[3,21] = b0_matrix_3_20_NDE;
b0_matrix_DE[3,22] = b0_matrix_3_22_DE;
b0_matrix_NDE[3,22] = b0_matrix_3_22_NDE;
b0_matrix_DE[3,23] = -100000;
b0_matrix_NDE[3,23] = b0_matrix_3_22_NDE;
b0_matrix_DE[4,3] = b0_matrix_4_3;
b0_matrix_NDE[4,3] = b0_matrix_4_3;
b0_matrix_DE[4,5] = b0_matrix_4_5;
b0_matrix_NDE[4,5] = b0_matrix_4_5;
b0_matrix_DE[5,4] = b0_matrix_5_4;
b0_matrix_NDE[5,4] = b0_matrix_5_4;
b0_matrix_DE[5,6] = b0_matrix_5_6;
b0_matrix_NDE[5,6] = b0_matrix_5_6;
b0_matrix_DE[5,24] = b0_matrix_5_24_DE;
b0_matrix_NDE[5,24] = b0_matrix_5_24_NDE;
b0_matrix_DE[5,25] = -100000;
b0_matrix_NDE[5,25] = b0_matrix_5_24_NDE;
b0_matrix_DE[6,5] = b0_matrix_6_5;
b0_matrix_NDE[6,5] = b0_matrix_6_5;
b0_matrix_DE[6,7] = b0_matrix_6_7;
b0_matrix_NDE[6,7] = b0_matrix_6_7;
b0_matrix_DE[6,26] = b0_matrix_6_26_DE;
b0_matrix_NDE[6,26] = b0_matrix_6_26_NDE;
b0_matrix_DE[6,27] = -100000;
b0_matrix_NDE[6,27] = b0_matrix_6_26_NDE;
b0_matrix_DE[7,6] = b0_matrix_7_6;
b0_matrix_NDE[7,6] = b0_matrix_7_6;
b0_matrix_DE[7,28] = b0_matrix_7_28_DE;
b0_matrix_NDE[7,28] = b0_matrix_7_28_NDE;
b0_matrix_DE[7,29] = -100000;
b0_matrix_NDE[7,29] = b0_matrix_7_28_NDE;
b0_matrix_DE[7,30] = b0_matrix_7_30_DE;
b0_matrix_NDE[7,30] = b0_matrix_7_30_NDE;
b0_matrix_DE[7,31] = -100000;
b0_matrix_NDE[7,31] = b0_matrix_7_30_NDE;
b0_matrix_DE[7,42] = b0_matrix_7_42;
b0_matrix_NDE[7,42] = b0_matrix_7_42;
b0_matrix_DE[8,3] = b0_matrix_8_3;
b0_matrix_NDE[8,3] = b0_matrix_8_3;
b0_matrix_DE[8,9] = b0_matrix_8_9;
b0_matrix_NDE[8,9] = b0_matrix_8_9;
b0_matrix_DE[8,32] = b0_matrix_8_32_DE;
b0_matrix_NDE[8,32] = b0_matrix_8_32_NDE;
b0_matrix_DE[8,33] = -100000;
b0_matrix_NDE[8,33] = b0_matrix_8_32_NDE;
b0_matrix_DE[9,8] = b0_matrix_9_8;
b0_matrix_NDE[9,8] = b0_matrix_9_8;
b0_matrix_DE[9,34] = b0_matrix_9_34_DE;
b0_matrix_NDE[9,34] = b0_matrix_9_34_NDE;
b0_matrix_DE[9,35] = -100000;
b0_matrix_NDE[9,35] = b0_matrix_9_34_NDE;
b0_matrix_DE[9,36] = b0_matrix_9_36;
b0_matrix_NDE[9,36] = b0_matrix_9_36;
b0_matrix_DE[9,37] = b0_matrix_9_37;
b0_matrix_NDE[9,37] = b0_matrix_9_37;
b0_matrix_DE[9,38] = b0_matrix_9_38;
b0_matrix_NDE[9,38] = b0_matrix_9_38;
b0_matrix_DE[9,39] = b0_matrix_9_39_DE;
b0_matrix_NDE[9,39] = b0_matrix_9_39_NDE;
b0_matrix_DE[9,40] = -100000;
b0_matrix_NDE[9,40] = b0_matrix_9_39_NDE;
b0_matrix_DE[10,2] = b0_matrix_10_2;
b0_matrix_NDE[10,2] = b0_matrix_10_2;
b0_matrix_DE[11,2] = b0_matrix_10_2;
b0_matrix_NDE[11,2] = b0_matrix_10_2;
b0_matrix_DE[12,2] = b0_matrix_12_2;
b0_matrix_NDE[12,2] = b0_matrix_12_2;
b0_matrix_DE[14,2] = b0_matrix_14_2;
b0_matrix_NDE[14,2] = b0_matrix_14_2;
b0_matrix_DE[16,2] = b0_matrix_16_2;
b0_matrix_NDE[16,2] = b0_matrix_16_2;
b0_matrix_DE[17,2] = b0_matrix_16_2;
b0_matrix_NDE[17,2] = b0_matrix_16_2;
b0_matrix_DE[18,2] = b0_matrix_18_2;
b0_matrix_NDE[18,2] = b0_matrix_18_2;
b0_matrix_DE[19,2] = b0_matrix_18_2;
b0_matrix_NDE[19,2] = b0_matrix_18_2;
b0_matrix_DE[20,3] = b0_matrix_20_3;
b0_matrix_NDE[20,3] = b0_matrix_20_3;
b0_matrix_DE[22,3] = b0_matrix_22_3;
b0_matrix_NDE[22,3] = b0_matrix_22_3;
b0_matrix_DE[24,5] = b0_matrix_24_5;
b0_matrix_NDE[24,5] = b0_matrix_24_5;
b0_matrix_DE[28,7] = b0_matrix_28_7;
b0_matrix_NDE[28,7] = b0_matrix_28_7;
b0_matrix_DE[30,7] = b0_matrix_30_7;
b0_matrix_NDE[30,7] = b0_matrix_30_7;
b0_matrix_DE[32,8] = b0_matrix_32_8;
b0_matrix_NDE[32,8] = b0_matrix_32_8;
b0_matrix_DE[34,9] = b0_matrix_34_9;
b0_matrix_NDE[34,9] = b0_matrix_34_9;
b0_matrix_DE[35,9] = b0_matrix_34_9;
b0_matrix_NDE[35,9] = b0_matrix_34_9;
b0_matrix_DE[36,9] = b0_matrix_36_9;
b0_matrix_NDE[36,9] = b0_matrix_36_9;
b0_matrix_DE[37,9] = b0_matrix_37_9;
b0_matrix_NDE[37,9] = b0_matrix_37_9;
b0_matrix_DE[38,9] = b0_matrix_38_9;
b0_matrix_NDE[38,9] = b0_matrix_38_9;
b0_matrix_DE[39,9] = b0_matrix_39_9;
b0_matrix_NDE[39,9] = b0_matrix_39_9;
b0_matrix_DE[41,2] = b0_matrix_41_2;
b0_matrix_NDE[41,2] = b0_matrix_41_2;
borigin1_matrix_DE[1,2] = borigin1_matrix_1_2;
borigin1_matrix_NDE[1,2] = borigin1_matrix_1_2;
borigin1_matrix_DE[2,1] = borigin1_matrix_2_1;
borigin1_matrix_NDE[2,1] = borigin1_matrix_2_1;
borigin1_matrix_DE[2,3] = borigin1_matrix_2_3;
borigin1_matrix_NDE[2,3] = borigin1_matrix_2_3;
borigin1_matrix_DE[2,10] = borigin1_matrix_2_10_DE;
borigin1_matrix_NDE[2,10] = borigin1_matrix_2_10_NDE;
borigin1_matrix_NDE[2,11] = borigin1_matrix_2_10_NDE;
borigin1_matrix_DE[2,12] = borigin1_matrix_2_12_DE;
borigin1_matrix_NDE[2,12] = borigin1_matrix_2_12_NDE;
borigin1_matrix_NDE[2,13] = borigin1_matrix_2_12_NDE;
borigin1_matrix_DE[2,14] = borigin1_matrix_2_14_DE;
borigin1_matrix_NDE[2,14] = borigin1_matrix_2_14_NDE;
borigin1_matrix_NDE[2,15] = borigin1_matrix_2_14_NDE;
borigin1_matrix_DE[2,16] = borigin1_matrix_2_16_DE;
borigin1_matrix_NDE[2,16] = borigin1_matrix_2_16_NDE;
borigin1_matrix_NDE[2,17] = borigin1_matrix_2_16_NDE;
borigin1_matrix_DE[2,18] = borigin1_matrix_2_18_DE;
borigin1_matrix_NDE[2,18] = borigin1_matrix_2_18_NDE;
borigin1_matrix_NDE[2,19] = borigin1_matrix_2_18_NDE;
borigin1_matrix_DE[2,41] = borigin1_matrix_2_41;
borigin1_matrix_NDE[2,41] = borigin1_matrix_2_41;
borigin1_matrix_DE[3,2] = borigin1_matrix_3_2;
borigin1_matrix_NDE[3,2] = borigin1_matrix_3_2;
borigin1_matrix_DE[3,4] = borigin1_matrix_3_4;
borigin1_matrix_NDE[3,4] = borigin1_matrix_3_4;
borigin1_matrix_DE[3,8] = borigin1_matrix_3_8;
borigin1_matrix_NDE[3,8] = borigin1_matrix_3_8;
borigin1_matrix_DE[3,20] = borigin1_matrix_3_20_DE;
borigin1_matrix_NDE[3,20] = borigin1_matrix_3_20_NDE;
borigin1_matrix_NDE[3,21] = borigin1_matrix_3_20_NDE;
borigin1_matrix_DE[3,22] = borigin1_matrix_3_22_DE;
borigin1_matrix_NDE[3,22] = borigin1_matrix_3_22_NDE;
borigin1_matrix_NDE[3,23] = borigin1_matrix_3_22_NDE;
borigin1_matrix_DE[4,3] = borigin1_matrix_4_3;
borigin1_matrix_NDE[4,3] = borigin1_matrix_4_3;
borigin1_matrix_DE[8,3] = borigin1_matrix_8_3;
borigin1_matrix_NDE[8,3] = borigin1_matrix_8_3;
borigin1_matrix_DE[10,2] = borigin1_matrix_10_2;
borigin1_matrix_NDE[10,2] = borigin1_matrix_10_2;
borigin1_matrix_DE[11,2] = borigin1_matrix_10_2;
borigin1_matrix_NDE[11,2] = borigin1_matrix_10_2;
borigin1_matrix_DE[12,2] = borigin1_matrix_12_2;
borigin1_matrix_NDE[12,2] = borigin1_matrix_12_2;
borigin1_matrix_DE[14,2] = borigin1_matrix_14_2;
borigin1_matrix_NDE[14,2] = borigin1_matrix_14_2;
borigin1_matrix_DE[16,2] = borigin1_matrix_16_2;
borigin1_matrix_NDE[16,2] = borigin1_matrix_16_2;
borigin1_matrix_DE[17,2] = borigin1_matrix_16_2;
borigin1_matrix_NDE[17,2] = borigin1_matrix_16_2;
borigin1_matrix_DE[18,2] = borigin1_matrix_18_2;
borigin1_matrix_NDE[18,2] = borigin1_matrix_18_2;
borigin1_matrix_DE[19,2] = borigin1_matrix_18_2;
borigin1_matrix_NDE[19,2] = borigin1_matrix_18_2;
borigin1_matrix_DE[20,3] = borigin1_matrix_20_3;
borigin1_matrix_NDE[20,3] = borigin1_matrix_20_3;
borigin1_matrix_DE[22,3] = borigin1_matrix_22_3;
borigin1_matrix_NDE[22,3] = borigin1_matrix_22_3;
borigin1_matrix_DE[41,2] = borigin1_matrix_41_2;
borigin1_matrix_NDE[41,2] = borigin1_matrix_41_2;

borigin2_matrix_DE[1,2] = borigin2_matrix_1_2;
borigin2_matrix_NDE[1,2] = borigin2_matrix_1_2;
borigin2_matrix_DE[2,1] = borigin2_matrix_2_1;
borigin2_matrix_NDE[2,1] = borigin2_matrix_2_1;
borigin2_matrix_DE[2,3] = borigin2_matrix_2_3;
borigin2_matrix_NDE[2,3] = borigin2_matrix_2_3;
borigin2_matrix_DE[2,10] = borigin2_matrix_2_10_DE;
borigin2_matrix_NDE[2,10] = borigin2_matrix_2_10_NDE;
borigin2_matrix_NDE[2,11] = borigin2_matrix_2_10_NDE;
borigin2_matrix_DE[2,12] = borigin2_matrix_2_12_DE;
borigin2_matrix_NDE[2,12] = borigin2_matrix_2_12_NDE;
borigin2_matrix_NDE[2,13] = borigin2_matrix_2_12_NDE;
borigin2_matrix_DE[2,14] = borigin2_matrix_2_14_DE;
borigin2_matrix_NDE[2,14] = borigin2_matrix_2_14_NDE;
borigin2_matrix_NDE[2,15] = borigin2_matrix_2_14_NDE;
borigin2_matrix_DE[2,16] = borigin2_matrix_2_16_DE;
borigin2_matrix_NDE[2,16] = borigin2_matrix_2_16_NDE;
borigin2_matrix_NDE[2,17] = borigin2_matrix_2_16_NDE;
borigin2_matrix_DE[2,18] = borigin2_matrix_2_18_DE;
borigin2_matrix_NDE[2,18] = borigin2_matrix_2_18_NDE;
borigin2_matrix_NDE[2,19] = borigin2_matrix_2_18_NDE;
borigin2_matrix_DE[2,41] = borigin2_matrix_2_41;
borigin2_matrix_NDE[2,41] = borigin2_matrix_2_41;
borigin2_matrix_DE[3,2] = borigin2_matrix_3_2;
borigin2_matrix_NDE[3,2] = borigin2_matrix_3_2;
borigin2_matrix_DE[3,4] = borigin2_matrix_3_4;
borigin2_matrix_NDE[3,4] = borigin2_matrix_3_4;
borigin2_matrix_DE[3,8] = borigin2_matrix_3_8;
borigin2_matrix_NDE[3,8] = borigin2_matrix_3_8;
borigin2_matrix_DE[3,20] = borigin2_matrix_3_20_DE;
borigin2_matrix_NDE[3,20] = borigin2_matrix_3_20_NDE;
borigin2_matrix_NDE[3,21] = borigin2_matrix_3_20_NDE;
borigin2_matrix_DE[3,22] = borigin2_matrix_3_22_DE;
borigin2_matrix_NDE[3,22] = borigin2_matrix_3_22_NDE;
borigin2_matrix_NDE[3,23] = borigin2_matrix_3_22_NDE;
borigin2_matrix_DE[4,3] = borigin2_matrix_4_3;
borigin2_matrix_NDE[4,3] = borigin2_matrix_4_3;
borigin2_matrix_DE[8,3] = borigin2_matrix_8_3;
borigin2_matrix_NDE[8,3] = borigin2_matrix_8_3;
borigin2_matrix_DE[10,2] = borigin2_matrix_10_2;
borigin2_matrix_NDE[10,2] = borigin2_matrix_10_2;
borigin2_matrix_DE[11,2] = borigin2_matrix_10_2;
borigin2_matrix_NDE[11,2] = borigin2_matrix_10_2;
borigin2_matrix_DE[12,2] = borigin2_matrix_12_2;
borigin2_matrix_NDE[12,2] = borigin2_matrix_12_2;
borigin2_matrix_DE[14,2] = borigin2_matrix_14_2;
borigin2_matrix_NDE[14,2] = borigin2_matrix_14_2;
borigin2_matrix_DE[16,2] = borigin2_matrix_16_2;
borigin2_matrix_NDE[16,2] = borigin2_matrix_16_2;
borigin2_matrix_DE[17,2] = borigin2_matrix_16_2;
borigin2_matrix_NDE[17,2] = borigin2_matrix_16_2;
borigin2_matrix_DE[18,2] = borigin2_matrix_18_2;
borigin2_matrix_NDE[18,2] = borigin2_matrix_18_2;
borigin2_matrix_DE[19,2] = borigin2_matrix_18_2;
borigin2_matrix_NDE[19,2] = borigin2_matrix_18_2;
borigin2_matrix_DE[20,3] = borigin2_matrix_20_3;
borigin2_matrix_NDE[20,3] = borigin2_matrix_20_3;
borigin2_matrix_DE[22,3] = borigin2_matrix_22_3;
borigin2_matrix_NDE[22,3] = borigin2_matrix_22_3;
borigin2_matrix_DE[41,2] = borigin2_matrix_41_2;
borigin2_matrix_NDE[41,2] = borigin2_matrix_41_2;

borigin3_matrix_DE[1,2] = borigin3_matrix_1_2;
borigin3_matrix_NDE[1,2] = borigin3_matrix_1_2;
borigin3_matrix_DE[2,1] = borigin3_matrix_2_1;
borigin3_matrix_NDE[2,1] = borigin3_matrix_2_1;
borigin3_matrix_DE[2,3] = borigin3_matrix_2_3;
borigin3_matrix_NDE[2,3] = borigin3_matrix_2_3;
borigin3_matrix_DE[2,10] = borigin3_matrix_2_10_DE;
borigin3_matrix_NDE[2,10] = borigin3_matrix_2_10_NDE;
borigin3_matrix_NDE[2,11] = borigin3_matrix_2_10_NDE;
borigin3_matrix_DE[2,12] = borigin3_matrix_2_12_DE;
borigin3_matrix_NDE[2,12] = borigin3_matrix_2_12_NDE;
borigin3_matrix_NDE[2,13] = borigin3_matrix_2_12_NDE;
borigin3_matrix_DE[2,14] = borigin3_matrix_2_14_DE;
borigin3_matrix_NDE[2,14] = borigin3_matrix_2_14_NDE;
borigin3_matrix_NDE[2,15] = borigin3_matrix_2_14_NDE;
borigin3_matrix_DE[2,16] = borigin3_matrix_2_16_DE;
borigin3_matrix_NDE[2,16] = borigin3_matrix_2_16_NDE;
borigin3_matrix_NDE[2,17] = borigin3_matrix_2_16_NDE;
borigin3_matrix_DE[2,18] = borigin3_matrix_2_18_DE;
borigin3_matrix_NDE[2,18] = borigin3_matrix_2_18_NDE;
borigin3_matrix_NDE[2,19] = borigin3_matrix_2_18_NDE;
borigin3_matrix_DE[2,41] = borigin3_matrix_2_41;
borigin3_matrix_NDE[2,41] = borigin3_matrix_2_41;
borigin3_matrix_DE[3,2] = borigin3_matrix_3_2;
borigin3_matrix_NDE[3,2] = borigin3_matrix_3_2;
borigin3_matrix_DE[3,4] = borigin3_matrix_3_4;
borigin3_matrix_NDE[3,4] = borigin3_matrix_3_4;
borigin3_matrix_DE[3,8] = borigin3_matrix_3_8;
borigin3_matrix_NDE[3,8] = borigin3_matrix_3_8;
borigin3_matrix_DE[3,20] = borigin3_matrix_3_20_DE;
borigin3_matrix_NDE[3,20] = borigin3_matrix_3_20_NDE;
borigin3_matrix_NDE[3,21] = borigin3_matrix_3_20_NDE;
borigin3_matrix_DE[3,22] = borigin3_matrix_3_22_DE;
borigin3_matrix_NDE[3,22] = borigin3_matrix_3_22_NDE;
borigin3_matrix_NDE[3,23] = borigin3_matrix_3_22_NDE;
borigin3_matrix_DE[4,3] = borigin3_matrix_4_3;
borigin3_matrix_NDE[4,3] = borigin3_matrix_4_3;
borigin3_matrix_DE[8,3] = borigin3_matrix_8_3;
borigin3_matrix_NDE[8,3] = borigin3_matrix_8_3;
borigin3_matrix_DE[10,2] = borigin3_matrix_10_2;
borigin3_matrix_NDE[10,2] = borigin3_matrix_10_2;
borigin3_matrix_DE[11,2] = borigin3_matrix_10_2;
borigin3_matrix_NDE[11,2] = borigin3_matrix_10_2;
borigin3_matrix_DE[12,2] = borigin3_matrix_12_2;
borigin3_matrix_NDE[12,2] = borigin3_matrix_12_2;
borigin3_matrix_DE[14,2] = borigin3_matrix_14_2;
borigin3_matrix_NDE[14,2] = borigin3_matrix_14_2;
borigin3_matrix_DE[16,2] = borigin3_matrix_16_2;
borigin3_matrix_NDE[16,2] = borigin3_matrix_16_2;
borigin3_matrix_DE[17,2] = borigin3_matrix_16_2;
borigin3_matrix_NDE[17,2] = borigin3_matrix_16_2;
borigin3_matrix_DE[18,2] = borigin3_matrix_18_2;
borigin3_matrix_NDE[18,2] = borigin3_matrix_18_2;
borigin3_matrix_DE[19,2] = borigin3_matrix_18_2;
borigin3_matrix_NDE[19,2] = borigin3_matrix_18_2;
borigin3_matrix_DE[20,3] = borigin3_matrix_20_3;
borigin3_matrix_NDE[20,3] = borigin3_matrix_20_3;
borigin3_matrix_DE[22,3] = borigin3_matrix_22_3;
borigin3_matrix_NDE[22,3] = borigin3_matrix_22_3;
borigin3_matrix_DE[41,2] = borigin3_matrix_41_2;
borigin3_matrix_NDE[41,2] = borigin3_matrix_41_2;

borigin4_matrix_DE[1,2] = borigin4_matrix_1_2;
borigin4_matrix_NDE[1,2] = borigin4_matrix_1_2;
borigin4_matrix_DE[2,1] = borigin4_matrix_2_1;
borigin4_matrix_NDE[2,1] = borigin4_matrix_2_1;
borigin4_matrix_DE[2,3] = borigin4_matrix_2_3;
borigin4_matrix_NDE[2,3] = borigin4_matrix_2_3;
borigin4_matrix_DE[2,10] = borigin4_matrix_2_10_DE;
borigin4_matrix_NDE[2,10] = borigin4_matrix_2_10_NDE;
borigin4_matrix_NDE[2,11] = borigin4_matrix_2_10_NDE;
borigin4_matrix_DE[2,12] = borigin4_matrix_2_12_DE;
borigin4_matrix_NDE[2,12] = borigin4_matrix_2_12_NDE;
borigin4_matrix_NDE[2,13] = borigin4_matrix_2_12_NDE;
borigin4_matrix_DE[2,14] = borigin4_matrix_2_14_DE;
borigin4_matrix_NDE[2,14] = borigin4_matrix_2_14_NDE;
borigin4_matrix_NDE[2,15] = borigin4_matrix_2_14_NDE;
borigin4_matrix_DE[2,16] = borigin4_matrix_2_16_DE;
borigin4_matrix_NDE[2,16] = borigin4_matrix_2_16_NDE;
borigin4_matrix_NDE[2,17] = borigin4_matrix_2_16_NDE;
borigin4_matrix_DE[2,18] = borigin4_matrix_2_18_DE;
borigin4_matrix_NDE[2,18] = borigin4_matrix_2_18_NDE;
borigin4_matrix_NDE[2,19] = borigin4_matrix_2_18_NDE;
borigin4_matrix_DE[2,41] = borigin4_matrix_2_41;
borigin4_matrix_NDE[2,41] = borigin4_matrix_2_41;
borigin4_matrix_DE[3,2] = borigin4_matrix_3_2;
borigin4_matrix_NDE[3,2] = borigin4_matrix_3_2;
borigin4_matrix_DE[3,4] = borigin4_matrix_3_4;
borigin4_matrix_NDE[3,4] = borigin4_matrix_3_4;
borigin4_matrix_DE[3,8] = borigin4_matrix_3_8;
borigin4_matrix_NDE[3,8] = borigin4_matrix_3_8;
borigin4_matrix_DE[3,20] = borigin4_matrix_3_20_DE;
borigin4_matrix_NDE[3,20] = borigin4_matrix_3_20_NDE;
borigin4_matrix_NDE[3,21] = borigin4_matrix_3_20_NDE;
borigin4_matrix_DE[3,22] = borigin4_matrix_3_22_DE;
borigin4_matrix_NDE[3,22] = borigin4_matrix_3_22_NDE;
borigin4_matrix_NDE[3,23] = borigin4_matrix_3_22_NDE;
borigin4_matrix_DE[4,3] = borigin4_matrix_4_3;
borigin4_matrix_NDE[4,3] = borigin4_matrix_4_3;
borigin4_matrix_DE[8,3] = borigin4_matrix_8_3;
borigin4_matrix_NDE[8,3] = borigin4_matrix_8_3;
borigin4_matrix_DE[10,2] = borigin4_matrix_10_2;
borigin4_matrix_NDE[10,2] = borigin4_matrix_10_2;
borigin4_matrix_DE[11,2] = borigin4_matrix_10_2;
borigin4_matrix_NDE[11,2] = borigin4_matrix_10_2;
borigin4_matrix_DE[12,2] = borigin4_matrix_12_2;
borigin4_matrix_NDE[12,2] = borigin4_matrix_12_2;
borigin4_matrix_DE[14,2] = borigin4_matrix_14_2;
borigin4_matrix_NDE[14,2] = borigin4_matrix_14_2;
borigin4_matrix_DE[16,2] = borigin4_matrix_16_2;
borigin4_matrix_NDE[16,2] = borigin4_matrix_16_2;
borigin4_matrix_DE[17,2] = borigin4_matrix_16_2;
borigin4_matrix_NDE[17,2] = borigin4_matrix_16_2;
borigin4_matrix_DE[18,2] = borigin4_matrix_18_2;
borigin4_matrix_NDE[18,2] = borigin4_matrix_18_2;
borigin4_matrix_DE[19,2] = borigin4_matrix_18_2;
borigin4_matrix_NDE[19,2] = borigin4_matrix_18_2;
borigin4_matrix_DE[20,3] = borigin4_matrix_20_3;
borigin4_matrix_NDE[20,3] = borigin4_matrix_20_3;
borigin4_matrix_DE[22,3] = borigin4_matrix_22_3;
borigin4_matrix_NDE[22,3] = borigin4_matrix_22_3;
borigin4_matrix_DE[41,2] = borigin4_matrix_41_2;
borigin4_matrix_NDE[41,2] = borigin4_matrix_41_2;

borigin5_matrix_DE[1,2] = borigin5_matrix_1_2;
borigin5_matrix_NDE[1,2] = borigin5_matrix_1_2;
borigin5_matrix_DE[2,1] = borigin5_matrix_2_1;
borigin5_matrix_NDE[2,1] = borigin5_matrix_2_1;
borigin5_matrix_DE[2,3] = borigin5_matrix_2_3;
borigin5_matrix_NDE[2,3] = borigin5_matrix_2_3;
borigin5_matrix_DE[2,10] = borigin5_matrix_2_10_DE;
borigin5_matrix_NDE[2,10] = borigin5_matrix_2_10_NDE;
borigin5_matrix_NDE[2,11] = borigin5_matrix_2_10_NDE;
borigin5_matrix_DE[2,12] = borigin5_matrix_2_12_DE;
borigin5_matrix_NDE[2,12] = borigin5_matrix_2_12_NDE;
borigin5_matrix_NDE[2,13] = borigin5_matrix_2_12_NDE;
borigin5_matrix_DE[2,14] = borigin5_matrix_2_14_DE;
borigin5_matrix_NDE[2,14] = borigin5_matrix_2_14_NDE;
borigin5_matrix_NDE[2,15] = borigin5_matrix_2_14_NDE;
borigin5_matrix_DE[2,16] = borigin5_matrix_2_16_DE;
borigin5_matrix_NDE[2,16] = borigin5_matrix_2_16_NDE;
borigin5_matrix_NDE[2,17] = borigin5_matrix_2_16_NDE;
borigin5_matrix_DE[2,18] = borigin5_matrix_2_18_DE;
borigin5_matrix_NDE[2,18] = borigin5_matrix_2_18_NDE;
borigin5_matrix_NDE[2,19] = borigin5_matrix_2_18_NDE;
borigin5_matrix_DE[2,41] = borigin5_matrix_2_41;
borigin5_matrix_NDE[2,41] = borigin5_matrix_2_41;
borigin5_matrix_DE[3,2] = borigin5_matrix_3_2;
borigin5_matrix_NDE[3,2] = borigin5_matrix_3_2;
borigin5_matrix_DE[3,4] = borigin5_matrix_3_4;
borigin5_matrix_NDE[3,4] = borigin5_matrix_3_4;
borigin5_matrix_DE[3,8] = borigin5_matrix_3_8;
borigin5_matrix_NDE[3,8] = borigin5_matrix_3_8;
borigin5_matrix_DE[3,20] = borigin5_matrix_3_20_DE;
borigin5_matrix_NDE[3,20] = borigin5_matrix_3_20_NDE;
borigin5_matrix_NDE[3,21] = borigin5_matrix_3_20_NDE;
borigin5_matrix_DE[3,22] = borigin5_matrix_3_22_DE;
borigin5_matrix_NDE[3,22] = borigin5_matrix_3_22_NDE;
borigin5_matrix_NDE[3,23] = borigin5_matrix_3_22_NDE;
borigin5_matrix_DE[4,3] = borigin5_matrix_4_3;
borigin5_matrix_NDE[4,3] = borigin5_matrix_4_3;
borigin5_matrix_DE[8,3] = borigin5_matrix_8_3;
borigin5_matrix_NDE[8,3] = borigin5_matrix_8_3;
borigin5_matrix_DE[10,2] = borigin5_matrix_10_2;
borigin5_matrix_NDE[10,2] = borigin5_matrix_10_2;
borigin5_matrix_DE[11,2] = borigin5_matrix_10_2;
borigin5_matrix_NDE[11,2] = borigin5_matrix_10_2;
borigin5_matrix_DE[12,2] = borigin5_matrix_12_2;
borigin5_matrix_NDE[12,2] = borigin5_matrix_12_2;
borigin5_matrix_DE[14,2] = borigin5_matrix_14_2;
borigin5_matrix_NDE[14,2] = borigin5_matrix_14_2;
borigin5_matrix_DE[16,2] = borigin5_matrix_16_2;
borigin5_matrix_NDE[16,2] = borigin5_matrix_16_2;
borigin5_matrix_DE[17,2] = borigin5_matrix_16_2;
borigin5_matrix_NDE[17,2] = borigin5_matrix_16_2;
borigin5_matrix_DE[18,2] = borigin5_matrix_18_2;
borigin5_matrix_NDE[18,2] = borigin5_matrix_18_2;
borigin5_matrix_DE[19,2] = borigin5_matrix_18_2;
borigin5_matrix_NDE[19,2] = borigin5_matrix_18_2;
borigin5_matrix_DE[20,3] = borigin5_matrix_20_3;
borigin5_matrix_NDE[20,3] = borigin5_matrix_20_3;
borigin5_matrix_DE[22,3] = borigin5_matrix_22_3;
borigin5_matrix_NDE[22,3] = borigin5_matrix_22_3;
borigin5_matrix_DE[41,2] = borigin5_matrix_41_2;
borigin5_matrix_NDE[41,2] = borigin5_matrix_41_2;

b0_matrix_1_2 ~ normal(0,10);
b0_matrix_2_1 ~ normal(0,10);
b0_matrix_2_3 ~ normal(0,10);
b0_matrix_2_10_DE ~ normal(0,10);
b0_matrix_2_10_NDE ~ normal(0,10);
b0_matrix_2_12_DE ~ normal(0,10);
b0_matrix_2_12_NDE ~ normal(0,10);
b0_matrix_2_14_DE ~ normal(0,10);
b0_matrix_2_14_NDE ~ normal(0,10);
b0_matrix_2_16_DE ~ normal(0,10);
b0_matrix_2_16_NDE ~ normal(0,10);
b0_matrix_2_18_DE ~ normal(0,10);
b0_matrix_2_18_NDE ~ normal(0,10);
b0_matrix_2_41 ~ normal(0,10);
b0_matrix_3_2 ~ normal(0,10);
b0_matrix_3_4 ~ normal(0,10);
b0_matrix_3_8 ~ normal(0,10);
b0_matrix_3_20_DE ~ normal(0,10);
b0_matrix_3_20_NDE ~ normal(0,10);
b0_matrix_3_22_DE ~ normal(0,10);
b0_matrix_3_22_NDE ~ normal(0,10);
b0_matrix_4_3 ~ normal(0,10);
b0_matrix_4_5 ~ normal(0,10);
b0_matrix_5_4 ~ normal(0,10);
b0_matrix_5_6 ~ normal(0,10);
b0_matrix_5_24_DE ~ normal(0,10);
b0_matrix_5_24_NDE ~ normal(0,10);
b0_matrix_6_5 ~ normal(0,10);
b0_matrix_6_7 ~ normal(0,10);
b0_matrix_6_26_DE ~ normal(0,10);
b0_matrix_6_26_NDE ~ normal(0,10);
b0_matrix_7_6 ~ normal(0,10);
b0_matrix_7_28_DE ~ normal(0,10);
b0_matrix_7_28_NDE ~ normal(0,10);
b0_matrix_7_30_DE ~ normal(0,10);
b0_matrix_7_30_NDE ~ normal(0,10);
b0_matrix_7_42 ~ normal(0,10);
b0_matrix_8_3 ~ normal(0,10);
b0_matrix_8_9 ~ normal(0,10);
b0_matrix_8_32_DE ~ normal(0,10);
b0_matrix_8_32_NDE ~ normal(0,10);
b0_matrix_9_8 ~ normal(0,10);
b0_matrix_9_34_DE ~ normal(0,10);
b0_matrix_9_34_NDE ~ normal(0,10);
b0_matrix_9_36 ~ normal(0,10);
b0_matrix_9_37 ~ normal(0,10);
b0_matrix_9_38 ~ normal(0,10);
b0_matrix_9_39_DE ~ normal(0,10);
b0_matrix_9_39_NDE ~ normal(0,10);
b0_matrix_10_2 ~ normal(0,10);
b0_matrix_12_2 ~ normal(0,10);
b0_matrix_14_2 ~ normal(0,10);
b0_matrix_16_2 ~ normal(0,10);
b0_matrix_18_2 ~ normal(0,10);
b0_matrix_20_3 ~ normal(0,10);
b0_matrix_22_3 ~ normal(0,10);
b0_matrix_24_5 ~ normal(0,10);
b0_matrix_28_7 ~ normal(0,10);
b0_matrix_30_7 ~ normal(0,10);
b0_matrix_32_8 ~ normal(0,10);
b0_matrix_34_9 ~ normal(0,10);
b0_matrix_36_9 ~ normal(0,10);
b0_matrix_37_9 ~ normal(0,10);
b0_matrix_38_9 ~ normal(0,10);
b0_matrix_39_9 ~ normal(0,10);
b0_matrix_41_2 ~ normal(0,10);
borigin1_matrix_1_2 ~ normal(0,10);
borigin1_matrix_2_1 ~ normal(0,10);
borigin1_matrix_2_3 ~ normal(0,10);
borigin1_matrix_2_10_DE ~ normal(0,10);
borigin1_matrix_2_10_NDE ~ normal(0,10);
borigin1_matrix_2_12_DE ~ normal(0,10);
borigin1_matrix_2_12_NDE ~ normal(0,10);
borigin1_matrix_2_14_DE ~ normal(0,10);
borigin1_matrix_2_14_NDE ~ normal(0,10);
borigin1_matrix_2_16_DE ~ normal(0,10);
borigin1_matrix_2_16_NDE ~ normal(0,10);
borigin1_matrix_2_18_DE ~ normal(0,10);
borigin1_matrix_2_18_NDE ~ normal(0,10);
borigin1_matrix_2_41 ~ normal(0,10);
borigin1_matrix_3_2 ~ normal(0,10);
borigin1_matrix_3_4 ~ normal(0,10);
borigin1_matrix_3_8 ~ normal(0,10);
borigin1_matrix_3_20_DE ~ normal(0,10);
borigin1_matrix_3_20_NDE ~ normal(0,10);
borigin1_matrix_3_22_DE ~ normal(0,10);
borigin1_matrix_3_22_NDE ~ normal(0,10);
borigin1_matrix_4_3 ~ normal(0,10);
borigin1_matrix_8_3 ~ normal(0,10);
borigin1_matrix_10_2 ~ normal(0,10);
borigin1_matrix_12_2 ~ normal(0,10);
borigin1_matrix_14_2 ~ normal(0,10);
borigin1_matrix_16_2 ~ normal(0,10);
borigin1_matrix_18_2 ~ normal(0,10);
borigin1_matrix_20_3 ~ normal(0,10);
borigin1_matrix_22_3 ~ normal(0,10);
borigin1_matrix_41_2 ~ normal(0,10);

borigin2_matrix_1_2 ~ normal(0,10);
borigin2_matrix_2_1 ~ normal(0,10);
borigin2_matrix_2_3 ~ normal(0,10);
borigin2_matrix_2_10_DE ~ normal(0,10);
borigin2_matrix_2_10_NDE ~ normal(0,10);
borigin2_matrix_2_12_DE ~ normal(0,10);
borigin2_matrix_2_12_NDE ~ normal(0,10);
borigin2_matrix_2_14_DE ~ normal(0,10);
borigin2_matrix_2_14_NDE ~ normal(0,10);
borigin2_matrix_2_16_DE ~ normal(0,10);
borigin2_matrix_2_16_NDE ~ normal(0,10);
borigin2_matrix_2_18_DE ~ normal(0,10);
borigin2_matrix_2_18_NDE ~ normal(0,10);
borigin2_matrix_2_41 ~ normal(0,10);
borigin2_matrix_3_2 ~ normal(0,10);
borigin2_matrix_3_4 ~ normal(0,10);
borigin2_matrix_3_8 ~ normal(0,10);
borigin2_matrix_3_20_DE ~ normal(0,10);
borigin2_matrix_3_20_NDE ~ normal(0,10);
borigin2_matrix_3_22_DE ~ normal(0,10);
borigin2_matrix_3_22_NDE ~ normal(0,10);
borigin2_matrix_4_3 ~ normal(0,10);
borigin2_matrix_8_3 ~ normal(0,10);
borigin2_matrix_10_2 ~ normal(0,10);
borigin2_matrix_12_2 ~ normal(0,10);
borigin2_matrix_14_2 ~ normal(0,10);
borigin2_matrix_16_2 ~ normal(0,10);
borigin2_matrix_18_2 ~ normal(0,10);
borigin2_matrix_20_3 ~ normal(0,10);
borigin2_matrix_22_3 ~ normal(0,10);
borigin2_matrix_41_2 ~ normal(0,10);

borigin3_matrix_1_2 ~ normal(0,10);
borigin3_matrix_2_1 ~ normal(0,10);
borigin3_matrix_2_3 ~ normal(0,10);
borigin3_matrix_2_10_DE ~ normal(0,10);
borigin3_matrix_2_10_NDE ~ normal(0,10);
borigin3_matrix_2_12_DE ~ normal(0,10);
borigin3_matrix_2_12_NDE ~ normal(0,10);
borigin3_matrix_2_14_DE ~ normal(0,10);
borigin3_matrix_2_14_NDE ~ normal(0,10);
borigin3_matrix_2_16_DE ~ normal(0,10);
borigin3_matrix_2_16_NDE ~ normal(0,10);
borigin3_matrix_2_18_DE ~ normal(0,10);
borigin3_matrix_2_18_NDE ~ normal(0,10);
borigin3_matrix_2_41 ~ normal(0,10);
borigin3_matrix_3_2 ~ normal(0,10);
borigin3_matrix_3_4 ~ normal(0,10);
borigin3_matrix_3_8 ~ normal(0,10);
borigin3_matrix_3_20_DE ~ normal(0,10);
borigin3_matrix_3_20_NDE ~ normal(0,10);
borigin3_matrix_3_22_DE ~ normal(0,10);
borigin3_matrix_3_22_NDE ~ normal(0,10);
borigin3_matrix_4_3 ~ normal(0,10);
borigin3_matrix_8_3 ~ normal(0,10);
borigin3_matrix_10_2 ~ normal(0,10);
borigin3_matrix_12_2 ~ normal(0,10);
borigin3_matrix_14_2 ~ normal(0,10);
borigin3_matrix_16_2 ~ normal(0,10);
borigin3_matrix_18_2 ~ normal(0,10);
borigin3_matrix_20_3 ~ normal(0,10);
borigin3_matrix_22_3 ~ normal(0,10);
borigin3_matrix_41_2 ~ normal(0,10);

borigin4_matrix_1_2 ~ normal(0,10);
borigin4_matrix_2_1 ~ normal(0,10);
borigin4_matrix_2_3 ~ normal(0,10);
borigin4_matrix_2_10_DE ~ normal(0,10);
borigin4_matrix_2_10_NDE ~ normal(0,10);
borigin4_matrix_2_12_DE ~ normal(0,10);
borigin4_matrix_2_12_NDE ~ normal(0,10);
borigin4_matrix_2_14_DE ~ normal(0,10);
borigin4_matrix_2_14_NDE ~ normal(0,10);
borigin4_matrix_2_16_DE ~ normal(0,10);
borigin4_matrix_2_16_NDE ~ normal(0,10);
borigin4_matrix_2_18_DE ~ normal(0,10);
borigin4_matrix_2_18_NDE ~ normal(0,10);
borigin4_matrix_2_41 ~ normal(0,10);
borigin4_matrix_3_2 ~ normal(0,10);
borigin4_matrix_3_4 ~ normal(0,10);
borigin4_matrix_3_8 ~ normal(0,10);
borigin4_matrix_3_20_DE ~ normal(0,10);
borigin4_matrix_3_20_NDE ~ normal(0,10);
borigin4_matrix_3_22_DE ~ normal(0,10);
borigin4_matrix_3_22_NDE ~ normal(0,10);
borigin4_matrix_4_3 ~ normal(0,10);
borigin4_matrix_8_3 ~ normal(0,10);
borigin4_matrix_10_2 ~ normal(0,10);
borigin4_matrix_12_2 ~ normal(0,10);
borigin4_matrix_14_2 ~ normal(0,10);
borigin4_matrix_16_2 ~ normal(0,10);
borigin4_matrix_18_2 ~ normal(0,10);
borigin4_matrix_20_3 ~ normal(0,10);
borigin4_matrix_22_3 ~ normal(0,10);
borigin4_matrix_41_2 ~ normal(0,10);

borigin5_matrix_1_2 ~ normal(0,10);
borigin5_matrix_2_1 ~ normal(0,10);
borigin5_matrix_2_3 ~ normal(0,10);
borigin5_matrix_2_10_DE ~ normal(0,10);
borigin5_matrix_2_10_NDE ~ normal(0,10);
borigin5_matrix_2_12_DE ~ normal(0,10);
borigin5_matrix_2_12_NDE ~ normal(0,10);
borigin5_matrix_2_14_DE ~ normal(0,10);
borigin5_matrix_2_14_NDE ~ normal(0,10);
borigin5_matrix_2_16_DE ~ normal(0,10);
borigin5_matrix_2_16_NDE ~ normal(0,10);
borigin5_matrix_2_18_DE ~ normal(0,10);
borigin5_matrix_2_18_NDE ~ normal(0,10);
borigin5_matrix_2_41 ~ normal(0,10);
borigin5_matrix_3_2 ~ normal(0,10);
borigin5_matrix_3_4 ~ normal(0,10);
borigin5_matrix_3_8 ~ normal(0,10);
borigin5_matrix_3_20_DE ~ normal(0,10);
borigin5_matrix_3_20_NDE ~ normal(0,10);
borigin5_matrix_3_22_DE ~ normal(0,10);
borigin5_matrix_3_22_NDE ~ normal(0,10);
borigin5_matrix_4_3 ~ normal(0,10);
borigin5_matrix_8_3 ~ normal(0,10);
borigin5_matrix_10_2 ~ normal(0,10);
borigin5_matrix_12_2 ~ normal(0,10);
borigin5_matrix_14_2 ~ normal(0,10);
borigin5_matrix_16_2 ~ normal(0,10);
borigin5_matrix_18_2 ~ normal(0,10);
borigin5_matrix_20_3 ~ normal(0,10);
borigin5_matrix_22_3 ~ normal(0,10);
borigin5_matrix_41_2 ~ normal(0,10);

[1] "2022-12-02 18:33:34 PST"
[1] "2022-12-02 18:35:20 PST"

  BON to MCN other tributaries - mainstem, BON to MCN 
                                                    9 
         Clearwater River - mainstem, upstream of LGR 
                                                    1 
         Deschutes River Mouth - mainstem, BON to MCN 
                                                  303 
              Hood River Mouth - mainstem, BON to MCN 
                                                    9 
          John Day River Mouth - mainstem, BON to MCN 
                                                    1 
  mainstem, BON to MCN - BON to MCN other tributaries 
                                                   29 
         mainstem, BON to MCN - Deschutes River Mouth 
                                                  637 
      mainstem, BON to MCN - Deschutes River Upstream 
                                                  110 
       mainstem, BON to MCN - Fifteenmile Creek Mouth 
                                                  110 
    mainstem, BON to MCN - Fifteenmile Creek Upstream 
                                                    2 
              mainstem, BON to MCN - Hood River Mouth 
                                                   11 
          mainstem, BON to MCN - John Day River Mouth 
                                                  683 
   mainstem, BON to MCN - mainstem, MCN to ICH or PRA 
                                                 5801 
        mainstem, BON to MCN - mainstem, mouth to BON 
                                                  132 
          mainstem, BON to MCN - Umatilla River Mouth 
                                                  694 
       mainstem, BON to MCN - Umatilla River Upstream 
                                                   63 
   mainstem, ICH to LGR - mainstem, MCN to ICH or PRA 
                                                  762 
     mainstem, ICH to LGR - mainstem, upstream of LGR 
                                                  966 
          mainstem, ICH to LGR - Tucannon River Mouth 
                                                  274 
   mainstem, MCN to ICH or PRA - mainstem, BON to MCN 
                                                 1614 
   mainstem, MCN to ICH or PRA - mainstem, ICH to LGR 
                                                 2432 
   mainstem, MCN to ICH or PRA - mainstem, PRA to RIS 
                                                  197 
mainstem, MCN to ICH or PRA - Walla Walla River Mouth 
                                                  716 
     mainstem, MCN to ICH or PRA - Yakima River Mouth 
                                                  449 
        mainstem, mouth to BON - mainstem, BON to MCN 
                                                  213 
   mainstem, PRA to RIS - mainstem, MCN to ICH or PRA 
                                                  131 
          mainstem, PRA to RIS - mainstem, RIS to RRE 
                                                   82 
          mainstem, RIS to RRE - mainstem, PRA to RIS 
                                                   38 
          mainstem, RIS to RRE - mainstem, RRE to WEL 
                                                   39 
         mainstem, RIS to RRE - Wenatchee River Mouth 
                                                    3 
          mainstem, RRE to WEL - mainstem, RIS to RRE 
                                                   15 
     mainstem, RRE to WEL - mainstem, upstream of WEL 
                                                   21 
       mainstem, upstream of LGR - Asotin Creek Mouth 
                                                    6 
    mainstem, upstream of LGR - Asotin Creek Upstream 
                                                    3 
         mainstem, upstream of LGR - Clearwater River 
                                                   17 
       mainstem, upstream of LGR - Grande Ronde River 
                                                   16 
       mainstem, upstream of LGR - Imnaha River Mouth 
                                                    3 
     mainstem, upstream of LGR - mainstem, ICH to LGR 
                                                  366 
             mainstem, upstream of LGR - Salmon River 
                                                    2 
     mainstem, upstream of WEL - mainstem, RRE to WEL 
                                                   10 
       mainstem, upstream of WEL - Methow River Mouth 
                                                    3 
     mainstem, upstream of WEL - Okanogan River Mouth 
                                                    1 
       Methow River Mouth - mainstem, upstream of WEL 
                                                    2 
          Tucannon River Mouth - mainstem, ICH to LGR 
                                                   29 
          Umatilla River Mouth - mainstem, BON to MCN 
                                                    6 
Walla Walla River Mouth - mainstem, MCN to ICH or PRA 
                                                   16 
         Wenatchee River Mouth - mainstem, RIS to RRE 
                                                    2 
     Yakima River Mouth - mainstem, MCN to ICH or PRA 
                                                    3 
[1] "2022-12-02 18:35:21 PST"
[1] "2022-12-02 18:35:28 PST"
 [1] "1 - mainstem, mouth to BON"          "2 - mainstem, BON to MCN"           
 [3] "3 - mainstem, MCN to ICH or PRA"     "4 - mainstem, PRA to RIS"           
 [5] "5 - mainstem, RIS to RRE"            "6 - mainstem, RRE to WEL"           
 [7] "7 - mainstem, upstream of WEL"       "8 - mainstem, ICH to LGR"           
 [9] "9 - mainstem, upstream of LGR"       "10 - Deschutes River Mouth"         
[11] "11 - Deschutes River Upstream"       "12 - John Day River Mouth"          
[13] "13 - John Day River Upstream"        "14 - Hood River Mouth"              
[15] "15 - Hood River Upstream"            "16 - Fifteenmile Creek Mouth"       
[17] "17 - Fifteenmile Creek Upstream"     "18 - Umatilla River Mouth"          
[19] "19 - Umatilla River Upstream"        "20 - Yakima River Mouth"            
[21] "21 - Yakima River Upstream"          "22 - Walla Walla River Mouth"       
[23] "23 - Walla Walla River Upstream"     "24 - Wenatchee River Mouth"         
[25] "25 - Wenatchee River Upstream"       "26 - Entiat River Mouth"            
[27] "27 - Entiat River Upstream"          "28 - Okanogan River Mouth"          
[29] "29 - Okanogan River Upstream"        "30 - Methow River Mouth"            
[31] "31 - Methow River Upstream"          "32 - Tucannon River Mouth"          
[33] "33 - Tucannon River Upstream"        "34 - Asotin Creek Mouth"            
[35] "35 - Asotin Creek Upstream"          "36 - Clearwater River"              
[37] "37 - Salmon River"                   "38 - Grande Ronde River"            
[39] "39 - Imnaha River Mouth"             "40 - Imnaha River Upstream"         
[41] "41 - BON to MCN other tributaries"   "42 - Upstream WEL other tributaries"
[43] "43 - loss"                          
[1] "2022-12-02 18:35:34 PST"
[1] "Compiling model"
[1] "model compiled at"
[1] "2022-12-02 18:37:10 PST"
Running MCMC with 1 chain, with 28 thread(s) per chain...

Chain 1 Iteration:   1 / 400 [  0%]  (Warmup) 
Chain 1 Informational Message: The current Metropolis proposal is about to be rejected because of the following issue:
Chain 1 Exception: Exception: categorical_lpmf: Probabilities parameter is not a valid simplex. sum(Probabilities parameter) = -nan, but should be 1 (in '/tmp/RtmpyhM5J9/model-6dd11d409cc6.stan', line 301, column 8 to column 81) (in '/tmp/RtmpyhM5J9/model-6dd11d409cc6.stan', line 1633, column 2 to line 1636, column 98)
Chain 1 If this warning occurs sporadically, such as for highly constrained variable types like covariance matrices, then the sampler is fine,
Chain 1 but if this warning occurs often then your model may be either severely ill-conditioned or misspecified.
Chain 1 
Chain 1 Iteration:  10 / 400 [  2%]  (Warmup) 
Chain 1 Iteration:  20 / 400 [  5%]  (Warmup) 
Chain 1 Iteration:  30 / 400 [  7%]  (Warmup) 
Chain 1 Iteration:  40 / 400 [ 10%]  (Warmup) 
Chain 1 Iteration:  50 / 400 [ 12%]  (Warmup) 
Chain 1 Iteration:  60 / 400 [ 15%]  (Warmup) 
Chain 1 Iteration:  70 / 400 [ 17%]  (Warmup) 
Chain 1 Iteration:  80 / 400 [ 20%]  (Warmup) 
Chain 1 Iteration:  90 / 400 [ 22%]  (Warmup) 
Chain 1 Iteration: 100 / 400 [ 25%]  (Warmup) 
Chain 1 Iteration: 110 / 400 [ 27%]  (Warmup) 
Chain 1 Iteration: 120 / 400 [ 30%]  (Warmup) 
Chain 1 Iteration: 130 / 400 [ 32%]  (Warmup) 
Chain 1 Iteration: 140 / 400 [ 35%]  (Warmup) 
Chain 1 Iteration: 150 / 400 [ 37%]  (Warmup) 
Chain 1 Iteration: 160 / 400 [ 40%]  (Warmup) 
Chain 1 Iteration: 170 / 400 [ 42%]  (Warmup) 
Chain 1 Iteration: 180 / 400 [ 45%]  (Warmup) 
Chain 1 Iteration: 190 / 400 [ 47%]  (Warmup) 
Chain 1 Iteration: 200 / 400 [ 50%]  (Warmup) 
Chain 1 Iteration: 201 / 400 [ 50%]  (Sampling) 
Chain 1 Iteration: 210 / 400 [ 52%]  (Sampling) 
Chain 1 Iteration: 220 / 400 [ 55%]  (Sampling) 
Chain 1 Iteration: 230 / 400 [ 57%]  (Sampling) 
Chain 1 Iteration: 240 / 400 [ 60%]  (Sampling) 
Chain 1 Iteration: 250 / 400 [ 62%]  (Sampling) 
Chain 1 Iteration: 260 / 400 [ 65%]  (Sampling) 
Chain 1 Iteration: 270 / 400 [ 67%]  (Sampling) 
Chain 1 Iteration: 280 / 400 [ 70%]  (Sampling) 
Chain 1 Iteration: 290 / 400 [ 72%]  (Sampling) 
Chain 1 Iteration: 300 / 400 [ 75%]  (Sampling) 
Chain 1 Iteration: 310 / 400 [ 77%]  (Sampling) 
Chain 1 Iteration: 320 / 400 [ 80%]  (Sampling) 
Chain 1 Iteration: 330 / 400 [ 82%]  (Sampling) 
Chain 1 Iteration: 340 / 400 [ 85%]  (Sampling) 
Chain 1 Iteration: 350 / 400 [ 87%]  (Sampling) 
Chain 1 Iteration: 360 / 400 [ 90%]  (Sampling) 
Chain 1 Iteration: 370 / 400 [ 92%]  (Sampling) 
Chain 1 Iteration: 380 / 400 [ 95%]  (Sampling) 
Chain 1 Iteration: 390 / 400 [ 97%]  (Sampling) 
Chain 1 Iteration: 400 / 400 [100%]  (Sampling) 
Chain 1 finished in 62468.4 seconds.
Warning: 200 of 200 (100.0%) transitions hit the maximum treedepth limit of 10.
See https://mc-stan.org/misc/warnings for details.


  BON to MCN other tributaries - mainstem, BON to MCN 
                                                    9 
         Clearwater River - mainstem, upstream of LGR 
                                                    1 
         Deschutes River Mouth - mainstem, BON to MCN 
                                                  303 
              Hood River Mouth - mainstem, BON to MCN 
                                                    9 
          John Day River Mouth - mainstem, BON to MCN 
                                                    1 
  mainstem, BON to MCN - BON to MCN other tributaries 
                                                   29 
         mainstem, BON to MCN - Deschutes River Mouth 
                                                  637 
      mainstem, BON to MCN - Deschutes River Upstream 
                                                  110 
       mainstem, BON to MCN - Fifteenmile Creek Mouth 
                                                  110 
    mainstem, BON to MCN - Fifteenmile Creek Upstream 
                                                    2 
              mainstem, BON to MCN - Hood River Mouth 
                                                   11 
          mainstem, BON to MCN - John Day River Mouth 
                                                  683 
   mainstem, BON to MCN - mainstem, MCN to ICH or PRA 
                                                 5801 
        mainstem, BON to MCN - mainstem, mouth to BON 
                                                  132 
          mainstem, BON to MCN - Umatilla River Mouth 
                                                  694 
       mainstem, BON to MCN - Umatilla River Upstream 
                                                   63 
   mainstem, ICH to LGR - mainstem, MCN to ICH or PRA 
                                                  762 
     mainstem, ICH to LGR - mainstem, upstream of LGR 
                                                  966 
          mainstem, ICH to LGR - Tucannon River Mouth 
                                                  274 
   mainstem, MCN to ICH or PRA - mainstem, BON to MCN 
                                                 1614 
   mainstem, MCN to ICH or PRA - mainstem, ICH to LGR 
                                                 2432 
   mainstem, MCN to ICH or PRA - mainstem, PRA to RIS 
                                                  197 
mainstem, MCN to ICH or PRA - Walla Walla River Mouth 
                                                  716 
     mainstem, MCN to ICH or PRA - Yakima River Mouth 
                                                  449 
        mainstem, mouth to BON - mainstem, BON to MCN 
                                                  213 
   mainstem, PRA to RIS - mainstem, MCN to ICH or PRA 
                                                  131 
          mainstem, PRA to RIS - mainstem, RIS to RRE 
                                                   82 
          mainstem, RIS to RRE - mainstem, PRA to RIS 
                                                   38 
          mainstem, RIS to RRE - mainstem, RRE to WEL 
                                                   39 
         mainstem, RIS to RRE - Wenatchee River Mouth 
                                                    3 
          mainstem, RRE to WEL - mainstem, RIS to RRE 
                                                   15 
     mainstem, RRE to WEL - mainstem, upstream of WEL 
                                                   21 
       mainstem, upstream of LGR - Asotin Creek Mouth 
                                                    6 
    mainstem, upstream of LGR - Asotin Creek Upstream 
                                                    3 
         mainstem, upstream of LGR - Clearwater River 
                                                   17 
       mainstem, upstream of LGR - Grande Ronde River 
                                                   16 
       mainstem, upstream of LGR - Imnaha River Mouth 
                                                    3 
     mainstem, upstream of LGR - mainstem, ICH to LGR 
                                                  366 
             mainstem, upstream of LGR - Salmon River 
                                                    2 
     mainstem, upstream of WEL - mainstem, RRE to WEL 
                                                   10 
       mainstem, upstream of WEL - Methow River Mouth 
                                                    3 
     mainstem, upstream of WEL - Okanogan River Mouth 
                                                    1 
       Methow River Mouth - mainstem, upstream of WEL 
                                                    2 
          Tucannon River Mouth - mainstem, ICH to LGR 
                                                   29 
          Umatilla River Mouth - mainstem, BON to MCN 
                                                    6 
Walla Walla River Mouth - mainstem, MCN to ICH or PRA 
                                                   16 
         Wenatchee River Mouth - mainstem, RIS to RRE 
                                                    2 
     Yakima River Mouth - mainstem, MCN to ICH or PRA 
                                                    3 

 1 - 2 10 - 2 12 - 2 14 - 2 18 - 2  2 - 1 2 - 10 2 - 11 2 - 12 2 - 14 2 - 16 
   213    303      1      9      6    132    637    110    683     11    110 
2 - 17 2 - 18 2 - 19  2 - 3 2 - 41 20 - 3 22 - 3 24 - 5  3 - 2 3 - 20 3 - 22 
     2    694     63   5801     29      3     16      2   1614    449    716 
 3 - 4  3 - 8 30 - 7 32 - 8 36 - 9  4 - 3  4 - 5 41 - 2 5 - 24  5 - 4  5 - 6 
   197   2432      2     29      1    131     82      9      3     38     39 
 6 - 5  6 - 7 7 - 28 7 - 30  7 - 6  8 - 3 8 - 32  8 - 9 9 - 34 9 - 35 9 - 36 
    15     21      1      3     10    762    274    966      6      3     17 
9 - 37 9 - 38 9 - 39  9 - 8 
     2     16      3    366 
 [1] "John Day River Upstream"        "Hood River Upstream"           
 [3] "Yakima River Upstream"          "Walla Walla River Upstream"    
 [5] "Wenatchee River Upstream"       "Entiat River Mouth"            
 [7] "Entiat River Upstream"          "Okanogan River Upstream"       
 [9] "Methow River Upstream"          "Tucannon River Upstream"       
[11] "Imnaha River Upstream"          "Upstream WEL other tributaries"
[13] "loss"                          
character(0)
