── Attaching packages ─────────────────────────────────────── tidyverse 1.3.1 ──
✔ ggplot2 3.3.6     ✔ purrr   0.3.4
✔ tibble  3.1.7     ✔ dplyr   1.0.9
✔ tidyr   1.2.0     ✔ stringr 1.4.0
✔ readr   2.1.2     ✔ forcats 0.5.1
── Conflicts ────────────────────────────────────────── tidyverse_conflicts() ──
✖ dplyr::filter() masks stats::filter()
✖ dplyr::lag()    masks stats::lag()

Attaching package: ‘lubridate’

The following objects are masked from ‘package:base’:

    date, intersect, setdiff, union


Attaching package: ‘janitor’

The following objects are masked from ‘package:stats’:

    chisq.test, fisher.test

[1] "Tag 1"
[1] "Tag 2"
[1] "Tag 3"
[1] "Tag 4"
[1] "Tag 5"
[1] "Tag 6"
[1] "Tag 7"
[1] "Tag 8"
[1] "Tag 9"
[1] "Tag 10"
[1] "Tag 11"
[1] "Tag 12"
[1] "Tag 13"
[1] "Tag 14"
[1] "Tag 15"
[1] "Tag 16"
[1] "Tag 17"
[1] "Tag 18"
[1] "Tag 19"
[1] "Tag 20"
[1] "Tag 21"
[1] "Tag 22"
[1] "Tag 23"
[1] "Tag 24"
[1] "Tag 25"
[1] "Tag 26"
[1] "Tag 27"
[1] "Tag 28"
[1] "Tag 29"
[1] "Tag 30"
[1] "Tag 31"
[1] "Tag 32"
[1] "Tag 33"
[1] "Tag 34"
[1] "Tag 35"
[1] "Tag 36"
[1] "Tag 37"
[1] "Tag 38"
[1] "Tag 39"
[1] "Tag 40"
[1] "Tag 41"
[1] "Tag 42"
[1] "Tag 43"
[1] "Tag 44"
[1] "Tag 45"
[1] "Tag 46"
[1] "Tag 47"
[1] "Tag 48"
[1] "Tag 49"
[1] "Tag 50"
[1] "Tag 51"
[1] "Tag 52"
[1] "Tag 53"
[1] "Tag 54"
[1] "Tag 55"
[1] "Tag 56"
[1] "Tag 57"
[1] "Tag 58"
[1] "Tag 59"
[1] "Tag 60"
[1] "Tag 61"
[1] "Tag 62"
[1] "Tag 63"
[1] "Tag 64"
[1] "Tag 65"
[1] "Tag 66"
[1] "Tag 67"
[1] "Tag 68"
[1] "Tag 69"
[1] "Tag 70"
[1] "Tag 71"
[1] "Tag 72"
[1] "Tag 73"
[1] "Tag 74"
[1] "Tag 75"
[1] "Tag 76"
[1] "Tag 77"
[1] "Tag 78"
[1] "Tag 79"
[1] "Tag 80"
[1] "Tag 81"
[1] "Tag 82"
[1] "Tag 83"
[1] "Tag 84"
[1] "Tag 85"
[1] "Tag 86"
[1] "Tag 87"
[1] "Tag 88"
[1] "Tag 89"
[1] "Tag 90"
[1] "Tag 91"
[1] "Tag 92"
[1] "Tag 93"
[1] "Tag 94"
[1] "Tag 95"
[1] "Tag 96"
[1] "Tag 97"
[1] "Tag 98"
[1] "Tag 99"
[1] "Tag 100"
[1] "Tag 101"
[1] "Tag 102"
[1] "Tag 103"
[1] "Tag 104"
[1] "Tag 105"
[1] "Tag 106"
[1] "Tag 107"
[1] "Tag 108"
[1] "Tag 109"
[1] "Tag 110"
[1] "Tag 111"
[1] "Tag 112"
[1] "Tag 113"
[1] "Tag 114"
[1] "Tag 115"
[1] "Tag 116"
[1] "Tag 117"
[1] "Tag 118"
[1] "Tag 119"
[1] "Tag 120"
[1] "Tag 121"
[1] "Tag 122"
[1] "Tag 123"
[1] "Tag 124"
[1] "Tag 125"
[1] "Tag 126"
[1] "Tag 127"
[1] "Tag 128"
[1] "Tag 129"
[1] "Tag 130"
[1] "Tag 131"
[1] "Tag 132"
[1] "Tag 133"
[1] "Tag 134"
[1] "Tag 135"
[1] "Tag 136"
[1] "Tag 137"
[1] "Tag 138"
[1] "Tag 139"
[1] "Tag 140"
[1] "Tag 141"
[1] "Tag 142"
[1] "Tag 143"
[1] "Tag 144"
[1] "Tag 145"
[1] "Tag 146"
[1] "Tag 147"
[1] "Tag 148"
[1] "Tag 149"
[1] "Tag 150"
[1] "Tag 151"
[1] "Tag 152"
[1] "Tag 153"
[1] "Tag 154"
[1] "Tag 155"
[1] "Tag 156"
[1] "Tag 157"
[1] "Tag 158"
[1] "Tag 159"
[1] "Tag 160"
[1] "Tag 161"
[1] "Tag 162"
[1] "Tag 163"
[1] "Tag 164"
[1] "Tag 165"
[1] "Tag 166"
[1] "Tag 167"
[1] "Tag 168"
[1] "Tag 169"
[1] "Tag 170"
[1] "Tag 171"
[1] "Tag 172"
[1] "Tag 173"
[1] "Tag 174"
[1] "Tag 175"
[1] "Tag 176"
[1] "Tag 177"
[1] "Tag 178"
[1] "Tag 179"
[1] "Tag 180"
[1] "Tag 181"
[1] "Tag 182"
[1] "Tag 183"
[1] "Tag 184"
[1] "Tag 185"
[1] "Tag 186"
[1] "Tag 187"
[1] "Tag 188"
[1] "Tag 189"
[1] "Tag 190"
[1] "Tag 191"
[1] "Tag 192"
[1] "Tag 193"
[1] "Tag 194"
[1] "Tag 195"
[1] "Tag 196"
[1] "Tag 197"
[1] "Tag 198"
[1] "Tag 199"
[1] "Tag 200"
[1] "Tag 201"
[1] "Tag 202"
[1] "Tag 203"
[1] "Tag 204"
[1] "Tag 205"
[1] "Tag 206"
[1] "Tag 207"
[1] "Tag 208"
[1] "Tag 209"
[1] "Tag 210"
[1] "Tag 211"
[1] "Tag 212"
[1] "Tag 213"
[1] "Tag 214"
[1] "Tag 215"
[1] "Tag 216"
[1] "Tag 217"
[1] "Tag 218"
[1] "Tag 219"
[1] "Tag 220"
[1] "Tag 221"
[1] "Tag 222"
[1] "Tag 223"
[1] "Tag 224"
[1] "Tag 225"
[1] "Tag 226"
[1] "Tag 227"
[1] "Tag 228"
[1] "Tag 229"
[1] "Tag 230"
[1] "Tag 231"
[1] "Tag 232"
[1] "Tag 233"
[1] "Tag 234"
[1] "Tag 235"
[1] "Tag 236"
[1] "Tag 237"
[1] "Tag 238"
[1] "Tag 239"
[1] "Tag 240"
[1] "Tag 241"
[1] "Tag 242"
[1] "Tag 243"
[1] "Tag 244"
[1] "Tag 245"
[1] "Tag 246"
[1] "Tag 247"
[1] "Tag 248"
[1] "Tag 249"
[1] "Tag 250"
[1] "Tag 251"
[1] "Tag 252"
[1] "Tag 253"
[1] "Tag 254"
[1] "Tag 255"
[1] "Tag 256"
[1] "Tag 257"
[1] "Tag 258"
[1] "Tag 259"
[1] "Tag 260"
[1] "Tag 261"
[1] "Tag 262"
[1] "Tag 263"
[1] "Tag 264"
[1] "Tag 265"
[1] "Tag 266"
[1] "Tag 267"
[1] "Tag 268"
[1] "Tag 269"
[1] "Tag 270"
[1] "Tag 271"
[1] "Tag 272"
[1] "Tag 273"
[1] "Tag 274"
[1] "Tag 275"
[1] "Tag 276"
[1] "Tag 277"
[1] "Tag 278"
[1] "Tag 279"
[1] "Tag 280"
[1] "Tag 281"
[1] "Tag 282"
[1] "Tag 283"
[1] "Tag 284"
[1] "Tag 285"
[1] "Tag 286"
[1] "Tag 287"
[1] "Tag 288"
[1] "Tag 289"
[1] "Tag 290"
[1] "Tag 291"
[1] "Tag 292"
[1] "Tag 293"
[1] "Tag 294"
[1] "Tag 295"
[1] "Tag 296"
[1] "Tag 297"
[1] "Tag 298"
[1] "Tag 299"
[1] "Tag 300"
[1] "Tag 301"
[1] "Tag 302"
[1] "Tag 303"
[1] "Tag 304"
[1] "Tag 305"
[1] "Tag 306"
[1] "Tag 307"
[1] "Tag 308"
[1] "Tag 309"
[1] "Tag 310"
[1] "Tag 311"
[1] "Tag 312"
[1] "Tag 313"
[1] "Tag 314"
[1] "Tag 315"
[1] "Tag 316"
[1] "Tag 317"
[1] "Tag 318"
[1] "Tag 319"
[1] "Tag 320"
[1] "Tag 321"
[1] "Tag 322"
[1] "Tag 323"
[1] "Tag 324"
[1] "Tag 325"
[1] "Tag 326"
[1] "Tag 327"
[1] "Tag 328"
[1] "Tag 329"
[1] "Tag 330"
[1] "Tag 331"
[1] "Tag 332"
[1] "Tag 333"
[1] "Tag 334"
[1] "Tag 335"
[1] "Tag 336"
[1] "Tag 337"
[1] "Tag 338"
[1] "Tag 339"
[1] "Tag 340"
[1] "Tag 341"
[1] "Tag 342"
[1] "Tag 343"
[1] "Tag 344"
[1] "Tag 345"
[1] "Tag 346"
[1] "Tag 347"
[1] "Tag 348"
[1] "Tag 349"
[1] "Tag 350"
[1] "Tag 351"
[1] "Tag 352"
[1] "Tag 353"
[1] "Tag 354"
[1] "Tag 355"
[1] "Tag 356"
[1] "Tag 357"
[1] "Tag 358"
[1] "Tag 359"
[1] "Tag 360"
[1] "Tag 361"
[1] "Tag 362"
[1] "Tag 363"
[1] "Tag 364"
[1] "Tag 365"
[1] "Tag 366"
[1] "Tag 367"
[1] "Tag 368"
[1] "Tag 369"
[1] "Tag 370"
[1] "Tag 371"
[1] "Tag 372"
[1] "Tag 373"
[1] "Tag 374"
[1] "Tag 375"
[1] "Tag 376"
[1] "Tag 377"
[1] "Tag 378"
[1] "Tag 379"
[1] "Tag 380"
[1] "Tag 381"
[1] "Tag 382"
[1] "Tag 383"
[1] "Tag 384"
[1] "Tag 385"
[1] "Tag 386"
[1] "Tag 387"
[1] "Tag 388"
[1] "Tag 389"
[1] "Tag 390"
[1] "Tag 391"
[1] "Tag 392"
[1] "Tag 393"
[1] "Tag 394"
[1] "Tag 395"
[1] "Tag 396"
[1] "Tag 397"
[1] "Tag 398"
[1] "Tag 399"
[1] "Tag 400"
[1] "Tag 401"
[1] "Tag 402"
[1] "Tag 403"
[1] "Tag 404"
[1] "Tag 405"
[1] "Tag 406"
[1] "Tag 407"
[1] "Tag 408"
[1] "Tag 409"
[1] "Tag 410"
[1] "Tag 411"
[1] "Tag 412"
[1] "Tag 413"
[1] "Tag 414"
[1] "Tag 415"
[1] "Tag 416"
[1] "Tag 417"
[1] "Tag 418"
[1] "Tag 419"
[1] "Tag 420"
[1] "Tag 421"
[1] "Tag 422"
[1] "Tag 423"
[1] "Tag 424"
[1] "Tag 425"
[1] "Tag 426"
[1] "Tag 427"
[1] "Tag 428"
[1] "Tag 429"
[1] "Tag 430"
[1] "Tag 431"
[1] "Tag 432"
[1] "Tag 433"
[1] "Tag 434"
[1] "Tag 435"
[1] "Tag 436"
[1] "Tag 437"
[1] "Tag 438"
[1] "Tag 439"
[1] "Tag 440"
[1] "Tag 441"
[1] "Tag 442"
[1] "Tag 443"
[1] "Tag 444"
[1] "Tag 445"
[1] "Tag 446"
[1] "Tag 447"
[1] "Tag 448"
[1] "Tag 449"
[1] "Tag 450"
[1] "Tag 451"
[1] "Tag 452"
[1] "Tag 453"
[1] "Tag 454"
[1] "Tag 455"
[1] "Tag 456"
[1] "Tag 457"
[1] "Tag 458"
[1] "Tag 459"
[1] "Tag 460"
[1] "Tag 461"
[1] "Tag 462"
[1] "Tag 463"
[1] "Tag 464"
[1] "Tag 465"
[1] "Tag 466"
[1] "Tag 467"
[1] "Tag 468"
[1] "Tag 469"
[1] "Tag 470"
[1] "Tag 471"
[1] "Tag 472"
[1] "Tag 473"
[1] "Tag 474"
[1] "Tag 475"
[1] "Tag 476"
[1] "Tag 477"
[1] "Tag 478"
[1] "Tag 479"
[1] "Tag 480"
[1] "Tag 481"
[1] "Tag 482"
[1] "Tag 483"
[1] "Tag 484"
[1] "Tag 485"
[1] "Tag 486"
[1] "Tag 487"
[1] "Tag 488"
[1] "Tag 489"
[1] "Tag 490"
[1] "Tag 491"
[1] "Tag 492"
[1] "Tag 493"
[1] "Tag 494"
[1] "Tag 495"
[1] "Tag 496"
[1] "Tag 497"
[1] "Tag 498"
[1] "Tag 499"
[1] "Tag 500"
[1] "Tag 501"
[1] "Tag 502"
[1] "Tag 503"
[1] "Tag 504"
[1] "Tag 505"
[1] "Tag 506"
[1] "Tag 507"
[1] "Tag 508"
[1] "Tag 509"
[1] "Tag 510"
[1] "Tag 511"
[1] "Tag 512"
[1] "Tag 513"
[1] "Tag 514"
[1] "Tag 515"
[1] "Tag 516"
[1] "Tag 517"
[1] "Tag 518"
[1] "Tag 519"
[1] "Tag 520"
[1] "Tag 521"
[1] "Tag 522"
[1] "Tag 523"
[1] "Tag 524"
[1] "Tag 525"
[1] "Tag 526"
[1] "Tag 527"
[1] "Tag 528"
[1] "Tag 529"
[1] "Tag 530"
[1] "Tag 531"
[1] "Tag 532"
[1] "Tag 533"
[1] "Tag 534"
[1] "Tag 535"
[1] "Tag 536"
[1] "Tag 537"
[1] "Tag 538"
[1] "Tag 539"
[1] "Tag 540"
[1] "Tag 541"
[1] "Tag 542"
[1] "Tag 543"
[1] "Tag 544"
[1] "Tag 545"
[1] "Tag 546"
[1] "Tag 547"
[1] "Tag 548"
[1] "Tag 549"
[1] "Tag 550"
[1] "Tag 551"
[1] "Tag 552"
[1] "Tag 553"
[1] "Tag 554"
[1] "Tag 555"
[1] "Tag 556"
[1] "Tag 557"
[1] "Tag 558"
[1] "Tag 559"
[1] "Tag 560"
[1] "Tag 561"
[1] "Tag 562"
[1] "Tag 563"
[1] "Tag 564"
[1] "Tag 565"
[1] "Tag 566"
[1] "Tag 567"
[1] "Tag 568"
[1] "Tag 569"
[1] "Tag 570"
[1] "Tag 571"
[1] "Tag 572"
[1] "Tag 573"
[1] "Tag 574"
[1] "Tag 575"
[1] "Tag 576"
[1] "Tag 577"
[1] "Tag 578"
[1] "Tag 579"
[1] "Tag 580"
[1] "Tag 581"
[1] "Tag 582"
[1] "Tag 583"
[1] "Tag 584"
[1] "Tag 585"
[1] "Tag 586"
[1] "Tag 587"
[1] "Tag 588"
[1] "Tag 589"
[1] "Tag 590"
[1] "Tag 591"
[1] "Tag 592"
[1] "Tag 593"
[1] "Tag 594"
[1] "Tag 595"
[1] "Tag 596"
[1] "Tag 597"
[1] "Tag 598"
[1] "Tag 599"
[1] "Tag 600"
[1] "Tag 601"
[1] "Tag 602"
[1] "Tag 603"
[1] "Tag 604"
[1] "Tag 605"
[1] "Tag 606"
[1] "Tag 607"
[1] "Tag 608"
[1] "Tag 609"
[1] "Tag 610"
[1] "Tag 611"
[1] "Tag 612"
[1] "Tag 613"
[1] "Tag 614"
[1] "Tag 615"
[1] "Tag 616"
[1] "Tag 617"
[1] "Tag 618"
[1] "Tag 619"
[1] "Tag 620"
[1] "Tag 621"
[1] "Tag 622"
[1] "Tag 623"
[1] "Tag 624"
[1] "Tag 625"
[1] "Tag 626"
[1] "Tag 627"
[1] "Tag 628"
[1] "Tag 629"
[1] "Tag 630"
[1] "Tag 631"
[1] "Tag 632"
[1] "Tag 633"
[1] "Tag 634"
[1] "Tag 635"
[1] "Tag 636"
[1] "Tag 637"
[1] "Tag 638"
[1] "Tag 639"
[1] "Tag 640"
[1] "Tag 641"
[1] "Tag 642"
[1] "Tag 643"
[1] "Tag 644"
[1] "Tag 645"
[1] "Tag 646"
[1] "Tag 647"
[1] "Tag 648"
[1] "Tag 649"
[1] "Tag 650"
[1] "Tag 651"
[1] "Tag 652"
[1] "Tag 653"
[1] "Tag 654"
[1] "Tag 655"
[1] "Tag 656"
[1] "Tag 657"
[1] "Tag 658"
[1] "Tag 659"
[1] "Tag 660"
[1] "Tag 661"
[1] "Tag 662"
[1] "Tag 663"
[1] "Tag 664"
[1] "Tag 665"
[1] "Tag 666"
[1] "Tag 667"
[1] "Tag 668"
[1] "Tag 669"
[1] "Tag 670"
[1] "Tag 671"
[1] "Tag 672"
[1] "Tag 673"
[1] "Tag 674"
[1] "Tag 675"
[1] "Tag 676"
[1] "Tag 677"
[1] "Tag 678"
[1] "Tag 679"
[1] "Tag 680"
[1] "Tag 681"
[1] "Tag 682"
[1] "Tag 683"
[1] "Tag 684"
[1] "Tag 685"
[1] "Tag 686"
[1] "Tag 687"
[1] "Tag 688"
[1] "Tag 689"
[1] "Tag 690"
[1] "Tag 691"
[1] "Tag 692"
[1] "Tag 693"
[1] "Tag 694"
[1] "Tag 695"
[1] "Tag 696"
[1] "Tag 697"
[1] "Tag 698"
[1] "Tag 699"
[1] "Tag 700"
[1] "Tag 701"
[1] "Tag 702"
[1] "Tag 703"
[1] "Tag 704"
[1] "Tag 705"
[1] "Tag 706"
[1] "Tag 707"
[1] "Tag 708"
[1] "Tag 709"
[1] "Tag 710"
[1] "Tag 711"
[1] "Tag 712"
[1] "Tag 713"
[1] "Tag 714"
[1] "Tag 715"
[1] "Tag 716"
[1] "Tag 717"
[1] "Tag 718"
[1] "Tag 719"
[1] "Tag 720"
[1] "Tag 721"
[1] "Tag 722"
[1] "Tag 723"
[1] "Tag 724"
[1] "Tag 725"
[1] "Tag 726"
[1] "Tag 727"
[1] "Tag 728"
[1] "Tag 729"
[1] "Tag 730"
[1] "Tag 731"
[1] "Tag 732"
[1] "Tag 733"
[1] "Tag 734"
[1] "Tag 735"
[1] "Tag 736"
[1] "Tag 737"
[1] "Tag 738"
[1] "Tag 739"
[1] "Tag 740"
[1] "Tag 741"
[1] "Tag 742"
[1] "Tag 743"
[1] "Tag 744"
[1] "Tag 745"
[1] "Tag 746"
[1] "Tag 747"
[1] "Tag 748"
[1] "Tag 749"
[1] "Tag 750"
[1] "Tag 751"
[1] "Tag 752"
[1] "Tag 753"
[1] "Tag 754"
[1] "Tag 755"
[1] "Tag 756"
[1] "Tag 757"
[1] "Tag 758"
[1] "Tag 759"
[1] "Tag 760"
[1] "Tag 761"
[1] "Tag 762"
[1] "Tag 763"
[1] "Tag 764"
[1] "Tag 765"
[1] "Tag 766"
[1] "Tag 767"
[1] "Tag 768"
[1] "Tag 769"
[1] "Tag 770"
[1] "Tag 771"
[1] "Tag 772"
[1] "Tag 773"
[1] "Tag 774"
[1] "Tag 775"
[1] "Tag 776"
[1] "Tag 777"
[1] "Tag 778"
[1] "Tag 779"
[1] "Tag 780"
[1] "Tag 781"
[1] "Tag 782"
[1] "Tag 783"
[1] "Tag 784"
[1] "Tag 785"
[1] "Tag 786"
[1] "Tag 787"
[1] "Tag 788"
[1] "Tag 789"
[1] "Tag 790"
[1] "Tag 791"
[1] "Tag 792"
[1] "Tag 793"
[1] "Tag 794"
[1] "Tag 795"
[1] "Tag 796"
[1] "Tag 797"
[1] "Tag 798"
[1] "Tag 799"
[1] "Tag 800"
[1] "Tag 801"
[1] "Tag 802"
[1] "Tag 803"
[1] "Tag 804"
[1] "Tag 805"
[1] "Tag 806"
[1] "Tag 807"
[1] "Tag 808"
[1] "Tag 809"
[1] "Tag 810"
[1] "Tag 811"
[1] "Tag 812"
[1] "Tag 813"
[1] "Tag 814"
[1] "Tag 815"
[1] "Tag 816"
[1] "Tag 817"
[1] "Tag 818"
[1] "Tag 819"
[1] "Tag 820"
[1] "Tag 821"
[1] "Tag 822"
[1] "Tag 823"
[1] "Tag 824"
[1] "Tag 825"
[1] "Tag 826"
[1] "Tag 827"
[1] "Tag 828"
[1] "Tag 829"
[1] "Tag 830"
[1] "Tag 831"
[1] "Tag 832"
[1] "Tag 833"
[1] "Tag 834"
[1] "Tag 835"
[1] "Tag 836"
[1] "Tag 837"
[1] "Tag 838"
[1] "Tag 839"
[1] "Tag 840"
[1] "Tag 841"
[1] "Tag 842"
[1] "Tag 843"
[1] "Tag 844"
[1] "Tag 845"
[1] "Tag 846"
[1] "Tag 847"
[1] "Tag 848"
[1] "Tag 849"
[1] "Tag 850"
[1] "Tag 851"
[1] "Tag 852"
[1] "Tag 853"
[1] "Tag 854"
[1] "Tag 855"
[1] "Tag 856"
[1] "Tag 857"
[1] "Tag 858"
[1] "Tag 859"
[1] "Tag 860"
[1] "Tag 861"
[1] "Tag 862"
[1] "Tag 863"
[1] "Tag 864"
[1] "Tag 865"
[1] "Tag 866"
[1] "Tag 867"
[1] "Tag 868"
[1] "Tag 869"
[1] "Tag 870"
[1] "Tag 871"
[1] "Tag 872"
[1] "Tag 873"
[1] "Tag 874"
[1] "Tag 875"
[1] "Tag 876"
[1] "Tag 877"
[1] "Tag 878"
[1] "Tag 879"
[1] "Tag 880"
[1] "Tag 881"
[1] "Tag 882"
[1] "Tag 883"
[1] "Tag 884"
[1] "Tag 885"
[1] "Tag 886"
[1] "Tag 887"
[1] "Tag 888"
[1] "Tag 889"
[1] "Tag 890"
[1] "Tag 891"
[1] "Tag 892"
[1] "Tag 893"
[1] "Tag 894"
[1] "Tag 895"
[1] "Tag 896"
[1] "Tag 897"
[1] "Tag 898"
[1] "Tag 899"
[1] "Tag 900"
[1] "Tag 901"
[1] "Tag 902"
[1] "Tag 903"
[1] "Tag 904"
[1] "Tag 905"
[1] "Tag 906"
[1] "Tag 907"
[1] "Tag 908"
[1] "Tag 909"
[1] "Tag 910"
[1] "Tag 911"
[1] "Tag 912"
[1] "Tag 913"
[1] "Tag 914"
[1] "Tag 915"
[1] "Tag 916"
[1] "Tag 917"
[1] "Tag 918"
[1] "Tag 919"
[1] "Tag 920"
[1] "Tag 921"
[1] "Tag 922"
[1] "Tag 923"
[1] "Tag 924"
[1] "Tag 925"
[1] "Tag 926"
[1] "Tag 927"
[1] "Tag 928"
[1] "Tag 929"
[1] "Tag 930"
[1] "Tag 931"
[1] "Tag 932"
[1] "Tag 933"
[1] "Tag 934"
[1] "Tag 935"
[1] "Tag 936"
[1] "Tag 937"
[1] "Tag 938"
[1] "Tag 939"
[1] "Tag 940"
[1] "Tag 941"
[1] "Tag 942"
[1] "Tag 943"
[1] "Tag 944"
[1] "Tag 945"
[1] "Tag 946"
[1] "Tag 947"
[1] "Tag 948"
[1] "Tag 949"
[1] "Tag 950"
[1] "Tag 951"
[1] "Tag 952"
[1] "Tag 953"
[1] "Tag 954"
[1] "Tag 955"
[1] "Tag 956"
[1] "Tag 957"
[1] "Tag 958"
[1] "Tag 959"
[1] "Tag 960"
[1] "Tag 961"
[1] "Tag 962"
[1] "Tag 963"
[1] "Tag 964"
[1] "Tag 965"
[1] "Tag 966"
[1] "Tag 967"
[1] "Tag 968"
[1] "Tag 969"
[1] "Tag 970"
[1] "Tag 971"
[1] "Tag 972"
[1] "Tag 973"
[1] "Tag 974"
[1] "Tag 975"
[1] "Tag 976"
[1] "Tag 977"
[1] "Tag 978"
[1] "Tag 979"
[1] "Tag 980"
[1] "Tag 981"
[1] "Tag 982"
[1] "Tag 983"
[1] "Tag 984"
[1] "Tag 985"
[1] "Tag 986"
[1] "Tag 987"
[1] "Tag 988"
[1] "Tag 989"
[1] "Tag 990"
[1] "Tag 991"
[1] "Tag 992"
[1] "Tag 993"
[1] "Tag 994"
[1] "Tag 995"
[1] "Tag 996"
[1] "Tag 997"
[1] "Tag 998"
[1] "Tag 999"
[1] "Tag 1000"
[1] "Tag 1001"
[1] "Tag 1002"
[1] "Tag 1003"
[1] "Tag 1004"
[1] "Tag 1005"
[1] "Tag 1006"
[1] "Tag 1007"
[1] "Tag 1008"
[1] "Tag 1009"
[1] "Tag 1010"
[1] "Tag 1011"
[1] "Tag 1012"
[1] "Tag 1013"
[1] "Tag 1014"
[1] "Tag 1015"
[1] "Tag 1016"
[1] "Tag 1017"
[1] "Tag 1018"
[1] "Tag 1019"
[1] "Tag 1020"
[1] "Tag 1021"
[1] "Tag 1022"
[1] "Tag 1023"
[1] "Tag 1024"
[1] "Tag 1025"
[1] "Tag 1026"
[1] "Tag 1027"
[1] "Tag 1028"
[1] "Tag 1029"
[1] "Tag 1030"
[1] "Tag 1031"
[1] "Tag 1032"
[1] "Tag 1033"
[1] "Tag 1034"
[1] "Tag 1035"
[1] "Tag 1036"
[1] "Tag 1037"
[1] "Tag 1038"
[1] "Tag 1039"
[1] "Tag 1040"
[1] "Tag 1041"
[1] "Tag 1042"
[1] "Tag 1043"
[1] "Tag 1044"
[1] "Tag 1045"
[1] "Tag 1046"
[1] "Tag 1047"
[1] "Tag 1048"
[1] "Tag 1049"
[1] "Tag 1050"
[1] "Tag 1051"
[1] "Tag 1052"
[1] "Tag 1053"
[1] "Tag 1054"
[1] "Tag 1055"
[1] "Tag 1056"
[1] "Tag 1057"
[1] "Tag 1058"
[1] "Tag 1059"
[1] "Tag 1060"
[1] "Tag 1061"
[1] "Tag 1062"
[1] "Tag 1063"
[1] "Tag 1064"
[1] "Tag 1065"
[1] "Tag 1066"
[1] "Tag 1067"
[1] "Tag 1068"
[1] "Tag 1069"
[1] "Tag 1070"
[1] "Tag 1071"
[1] "Tag 1072"
[1] "Tag 1073"
[1] "Tag 1074"
[1] "Tag 1075"
[1] "Tag 1076"
[1] "Tag 1077"
[1] "Tag 1078"
[1] "Tag 1079"
[1] "Tag 1080"
[1] "Tag 1081"
[1] "Tag 1082"
[1] "Tag 1083"
[1] "Tag 1084"
[1] "Tag 1085"
[1] "Tag 1086"
[1] "Tag 1087"
[1] "Tag 1088"
[1] "Tag 1089"
[1] "Tag 1090"
[1] "Tag 1091"
[1] "Tag 1092"
[1] "Tag 1093"
[1] "Tag 1094"
[1] "Tag 1095"
[1] "Tag 1096"
[1] "Tag 1097"
[1] "Tag 1098"
[1] "Tag 1099"
[1] "Tag 1100"
[1] "Tag 1101"
[1] "Tag 1102"
[1] "Tag 1103"
[1] "Tag 1104"
[1] "Tag 1105"
[1] "Tag 1106"
[1] "Tag 1107"
[1] "Tag 1108"
[1] "Tag 1109"
[1] "Tag 1110"
[1] "Tag 1111"
[1] "Tag 1112"
[1] "Tag 1113"
[1] "Tag 1114"
[1] "Tag 1115"
[1] "Tag 1116"
[1] "Tag 1117"
[1] "Tag 1118"
[1] "Tag 1119"
[1] "Tag 1120"
[1] "Tag 1121"
[1] "Tag 1122"
[1] "Tag 1123"
[1] "Tag 1124"
[1] "Tag 1125"
[1] "Tag 1126"
[1] "Tag 1127"
[1] "Tag 1128"
[1] "Tag 1129"
[1] "Tag 1130"
[1] "Tag 1131"
[1] "Tag 1132"
[1] "Tag 1133"
[1] "Tag 1134"
[1] "Tag 1135"
[1] "Tag 1136"
[1] "Tag 1137"
[1] "Tag 1138"
[1] "Tag 1139"
[1] "Tag 1140"
[1] "Tag 1141"
[1] "Tag 1142"
[1] "Tag 1143"
[1] "Tag 1144"
[1] "Tag 1145"
[1] "Tag 1146"
[1] "Tag 1147"
[1] "Tag 1148"
[1] "Tag 1149"
[1] "Tag 1150"
[1] "Tag 1151"
[1] "Tag 1152"
[1] "Tag 1153"
[1] "Tag 1154"
[1] "Tag 1155"
[1] "Tag 1156"
[1] "Tag 1157"
[1] "Tag 1158"
[1] "Tag 1159"
[1] "Tag 1160"
[1] "Tag 1161"
[1] "Tag 1162"
[1] "Tag 1163"
[1] "Tag 1164"
[1] "Tag 1165"
[1] "Tag 1166"
[1] "Tag 1167"
[1] "Tag 1168"
[1] "Tag 1169"
[1] "Tag 1170"
[1] "Tag 1171"
[1] "Tag 1172"
[1] "Tag 1173"
[1] "Tag 1174"
[1] "Tag 1175"
[1] "Tag 1176"
[1] "Tag 1177"
[1] "Tag 1178"
[1] "Tag 1179"
[1] "Tag 1180"
[1] "Tag 1181"
[1] "Tag 1182"
[1] "Tag 1183"
[1] "Tag 1184"
[1] "Tag 1185"
[1] "Tag 1186"
[1] "Tag 1187"
[1] "Tag 1188"
[1] "Tag 1189"
[1] "Tag 1190"
[1] "Tag 1191"
[1] "Tag 1192"
[1] "Tag 1193"
[1] "Tag 1194"
[1] "Tag 1195"
[1] "Tag 1196"
[1] "Tag 1197"
[1] "Tag 1198"
[1] "Tag 1199"
[1] "Tag 1200"
[1] "Tag 1201"
[1] "Tag 1202"
[1] "Tag 1203"
[1] "Tag 1204"
[1] "Tag 1205"
[1] "Tag 1206"
[1] "Tag 1207"
[1] "Tag 1208"
[1] "Tag 1209"
[1] "Tag 1210"
[1] "Tag 1211"
[1] "Tag 1212"
[1] "Tag 1213"
[1] "Tag 1214"
[1] "Tag 1215"
[1] "Tag 1216"
[1] "Tag 1217"
[1] "Tag 1218"
[1] "Tag 1219"
[1] "Tag 1220"
[1] "Tag 1221"
[1] "Tag 1222"
[1] "Tag 1223"
[1] "Tag 1224"
[1] "Tag 1225"
[1] "Tag 1226"
[1] "Tag 1227"
[1] "Tag 1228"
[1] "Tag 1229"
[1] "Tag 1230"
[1] "Tag 1231"
[1] "Tag 1232"
[1] "Tag 1233"
[1] "Tag 1234"
[1] "Tag 1235"
[1] "Tag 1236"
[1] "Tag 1237"
[1] "Tag 1238"
[1] "Tag 1239"
[1] "Tag 1240"
[1] "Tag 1241"
[1] "Tag 1242"
[1] "Tag 1243"
[1] "Tag 1244"
[1] "Tag 1245"
[1] "Tag 1246"
[1] "Tag 1247"
[1] "Tag 1248"
[1] "Tag 1249"
[1] "Tag 1250"
[1] "Tag 1251"
[1] "Tag 1252"
[1] "Tag 1253"
[1] "Tag 1254"
[1] "Tag 1255"
[1] "Tag 1256"
[1] "Tag 1257"
[1] "Tag 1258"
[1] "Tag 1259"
[1] "Tag 1260"
[1] "Tag 1261"
[1] "Tag 1262"
[1] "Tag 1263"
[1] "Tag 1264"
[1] "Tag 1265"
[1] "Tag 1266"
[1] "Tag 1267"
[1] "Tag 1268"
[1] "Tag 1269"
[1] "Tag 1270"
[1] "Tag 1271"
[1] "Tag 1272"
[1] "Tag 1273"
[1] "Tag 1274"
[1] "Tag 1275"
[1] "Tag 1276"
[1] "Tag 1277"
[1] "Tag 1278"
[1] "Tag 1279"
[1] "Tag 1280"
[1] "Tag 1281"
[1] "Tag 1282"
[1] "Tag 1283"
[1] "Tag 1284"
[1] "Tag 1285"
[1] "Tag 1286"
[1] "Tag 1287"
[1] "Tag 1288"
[1] "Tag 1289"
[1] "Tag 1290"
[1] "Tag 1291"
[1] "Tag 1292"
[1] "Tag 1293"
[1] "Tag 1294"
[1] "Tag 1295"
[1] "Tag 1296"
[1] "Tag 1297"
[1] "Tag 1298"
[1] "Tag 1299"
[1] "Tag 1300"
[1] "Tag 1301"
[1] "Tag 1302"
[1] "Tag 1303"
[1] "Tag 1304"
[1] "Tag 1305"
[1] "Tag 1306"
[1] "Tag 1307"
[1] "Tag 1308"
[1] "Tag 1309"
[1] "Tag 1310"
[1] "Tag 1311"
[1] "Tag 1312"
[1] "Tag 1313"
[1] "Tag 1314"
[1] "Tag 1315"
[1] "Tag 1316"
[1] "Tag 1317"
[1] "Tag 1318"
[1] "Tag 1319"
[1] "Tag 1320"
[1] "Tag 1321"
[1] "Tag 1322"
[1] "Tag 1323"
[1] "Tag 1324"
[1] "Tag 1325"
[1] "Tag 1326"
[1] "Tag 1327"
[1] "Tag 1328"
[1] "Tag 1329"
[1] "Tag 1330"
[1] "Tag 1331"
[1] "Tag 1332"
[1] "Tag 1333"
[1] "Tag 1334"
[1] "Tag 1335"
[1] "Tag 1336"
[1] "Tag 1337"
[1] "Tag 1338"
[1] "Tag 1339"
[1] "Tag 1340"
[1] "Tag 1341"
[1] "Tag 1342"
[1] "Tag 1343"
[1] "Tag 1344"
[1] "Tag 1345"
[1] "Tag 1346"
[1] "Tag 1347"
[1] "Tag 1348"
[1] "Tag 1349"
[1] "Tag 1350"
[1] "Tag 1351"
[1] "Tag 1352"
[1] "Tag 1353"
[1] "Tag 1354"
[1] "Tag 1355"
[1] "Tag 1356"
[1] "Tag 1357"
[1] "Tag 1358"
[1] "Tag 1359"
[1] "Tag 1360"
[1] "Tag 1361"
[1] "Tag 1362"
[1] "Tag 1363"
[1] "Tag 1364"
[1] "Tag 1365"
[1] "Tag 1366"
[1] "Tag 1367"
[1] "Tag 1368"
[1] "Tag 1369"
[1] "Tag 1370"
[1] "Tag 1371"
[1] "Tag 1372"
[1] "Tag 1373"
[1] "Tag 1374"
[1] "Tag 1375"
[1] "Tag 1376"
[1] "Tag 1377"
[1] "Tag 1378"
[1] "Tag 1379"
[1] "Tag 1380"
[1] "Tag 1381"
[1] "Tag 1382"
[1] "Tag 1383"
[1] "Tag 1384"
[1] "Tag 1385"
[1] "Tag 1386"
[1] "Tag 1387"
[1] "Tag 1388"
[1] "Tag 1389"
[1] "Tag 1390"
[1] "Tag 1391"
[1] "Tag 1392"
[1] "Tag 1393"
[1] "Tag 1394"
[1] "Tag 1395"
[1] "Tag 1396"
[1] "Tag 1397"
[1] "Tag 1398"
[1] "Tag 1399"
[1] "Tag 1400"
[1] "Tag 1401"
[1] "Tag 1402"
[1] "Tag 1403"
[1] "Tag 1404"
[1] "Tag 1405"
[1] "Tag 1406"
[1] "Tag 1407"
[1] "Tag 1408"
[1] "Tag 1409"
[1] "Tag 1410"
[1] "Tag 1411"
[1] "Tag 1412"
[1] "Tag 1413"
[1] "Tag 1414"
[1] "Tag 1415"
[1] "Tag 1416"
[1] "Tag 1417"
[1] "Tag 1418"
[1] "Tag 1419"
[1] "Tag 1420"
[1] "Tag 1421"
[1] "Tag 1422"
[1] "Tag 1423"
[1] "Tag 1424"
[1] "Tag 1425"
[1] "Tag 1426"
[1] "Tag 1427"
[1] "Tag 1428"
[1] "Tag 1429"
[1] "Tag 1430"
[1] "Tag 1431"
[1] "Tag 1432"
[1] "Tag 1433"
[1] "Tag 1434"
[1] "Tag 1435"
[1] "Tag 1436"
[1] "Tag 1437"
[1] "Tag 1438"
[1] "Tag 1439"
[1] "Tag 1440"
[1] "Tag 1441"
[1] "Tag 1442"
[1] "Tag 1443"
[1] "Tag 1444"
[1] "Tag 1445"
[1] "Tag 1446"
[1] "Tag 1447"
[1] "Tag 1448"
[1] "Tag 1449"
[1] "Tag 1450"
[1] "Tag 1451"
[1] "Tag 1452"
[1] "Tag 1453"
[1] "Tag 1454"
[1] "Tag 1455"
[1] "Tag 1456"
[1] "Tag 1457"
[1] "Tag 1458"
[1] "Tag 1459"
[1] "Tag 1460"
[1] "Tag 1461"
[1] "Tag 1462"
[1] "Tag 1463"
[1] "Tag 1464"
[1] "Tag 1465"
[1] "Tag 1466"
[1] "Tag 1467"
[1] "Tag 1468"
[1] "Tag 1469"
[1] "Tag 1470"
[1] "Tag 1471"
[1] "Tag 1472"
[1] "Tag 1473"
[1] "Tag 1474"
[1] "Tag 1475"
[1] "Tag 1476"
[1] "Tag 1477"
[1] "Tag 1478"
[1] "Tag 1479"
[1] "Tag 1480"
[1] "Tag 1481"
[1] "Tag 1482"
[1] "Tag 1483"
[1] "Tag 1484"
[1] "Tag 1485"
[1] "Tag 1486"
[1] "Tag 1487"
[1] "Tag 1488"
[1] "Tag 1489"
[1] "Tag 1490"
[1] "Tag 1491"
[1] "Tag 1492"
[1] "Tag 1493"
[1] "Tag 1494"
[1] "Tag 1495"
[1] "Tag 1496"
[1] "Tag 1497"
[1] "Tag 1498"
[1] "Tag 1499"
[1] "Tag 1500"
[1] "Tag 1501"
[1] "Tag 1502"
[1] "Tag 1503"
[1] "Tag 1504"
[1] "Tag 1505"
[1] "Tag 1506"
[1] "Tag 1507"
[1] "Tag 1508"
[1] "Tag 1509"
[1] "Tag 1510"
[1] "Tag 1511"
[1] "Tag 1512"
[1] "Tag 1513"
[1] "Tag 1514"
[1] "Tag 1515"
[1] "Tag 1516"
[1] "Tag 1517"
[1] "Tag 1518"
[1] "Tag 1519"
[1] "Tag 1520"
[1] "Tag 1521"
[1] "Tag 1522"
[1] "Tag 1523"
[1] "Tag 1524"
[1] "Tag 1525"
[1] "Tag 1526"
[1] "Tag 1527"
[1] "Tag 1528"
[1] "Tag 1529"
[1] "Tag 1530"
[1] "Tag 1531"
[1] "Tag 1532"
[1] "Tag 1533"
[1] "Tag 1534"
[1] "Tag 1535"
[1] "Tag 1536"
[1] "Tag 1537"
[1] "Tag 1538"
[1] "Tag 1539"
[1] "Tag 1540"
[1] "Tag 1541"
[1] "Tag 1542"
[1] "Tag 1543"
[1] "Tag 1544"
[1] "Tag 1545"
[1] "Tag 1546"
[1] "Tag 1547"
[1] "Tag 1548"
[1] "Tag 1549"
[1] "Tag 1550"
[1] "Tag 1551"
[1] "Tag 1552"
[1] "Tag 1553"
[1] "Tag 1554"
[1] "Tag 1555"
[1] "Tag 1556"
[1] "Tag 1557"
[1] "Tag 1558"
[1] "Tag 1559"
[1] "Tag 1560"
[1] "Tag 1561"
[1] "Tag 1562"
[1] "Tag 1563"
[1] "Tag 1564"
[1] "Tag 1565"
[1] "Tag 1566"
[1] "Tag 1567"
[1] "Tag 1568"
[1] "Tag 1569"
[1] "Tag 1570"
[1] "Tag 1571"
[1] "Tag 1572"
[1] "Tag 1573"
[1] "Tag 1574"
[1] "Tag 1575"
[1] "Tag 1576"
[1] "Tag 1577"
[1] "Tag 1578"
[1] "Tag 1579"
[1] "Tag 1580"
[1] "Tag 1581"
[1] "Tag 1582"
[1] "Tag 1583"
[1] "Tag 1584"
[1] "Tag 1585"
[1] "Tag 1586"
[1] "Tag 1587"
[1] "Tag 1588"
[1] "Tag 1589"
[1] "Tag 1590"
[1] "Tag 1591"
[1] "Tag 1592"
[1] "Tag 1593"
[1] "Tag 1594"
[1] "Tag 1595"
[1] "Tag 1596"
[1] "Tag 1597"
[1] "Tag 1598"
[1] "Tag 1599"
[1] "Tag 1600"
[1] "Tag 1601"
[1] "Tag 1602"
[1] "Tag 1603"
[1] "Tag 1604"
[1] "Tag 1605"
[1] "Tag 1606"
[1] "Tag 1607"
[1] "Tag 1608"
[1] "Tag 1609"
[1] "Tag 1610"
[1] "Tag 1611"
[1] "Tag 1612"
[1] "Tag 1613"
[1] "Tag 1614"
[1] "Tag 1615"
[1] "Tag 1616"
[1] "Tag 1617"
[1] "Tag 1618"
[1] "Tag 1619"
[1] "Tag 1620"
[1] "Tag 1621"
[1] "Tag 1622"
[1] "Tag 1623"
[1] "Tag 1624"
[1] "Tag 1625"
[1] "Tag 1626"
[1] "Tag 1627"
[1] "Tag 1628"
[1] "Tag 1629"
[1] "Tag 1630"
[1] "Tag 1631"
[1] "Tag 1632"
[1] "Tag 1633"
[1] "Tag 1634"
[1] "Tag 1635"
[1] "Tag 1636"
[1] "Tag 1637"
[1] "Tag 1638"
[1] "Tag 1639"
[1] "Tag 1640"
[1] "Tag 1641"
[1] "Tag 1642"
[1] "Tag 1643"
[1] "Tag 1644"
[1] "Tag 1645"
[1] "Tag 1646"
[1] "Tag 1647"
[1] "Tag 1648"
[1] "Tag 1649"
[1] "Tag 1650"
[1] "Tag 1651"
[1] "Tag 1652"
[1] "Tag 1653"
[1] "Tag 1654"
[1] "Tag 1655"
[1] "Tag 1656"
[1] "Tag 1657"
[1] "Tag 1658"
[1] "Tag 1659"
[1] "Tag 1660"
[1] "Tag 1661"
[1] "Tag 1662"
[1] "Tag 1663"
[1] "Tag 1664"
[1] "Tag 1665"
[1] "Tag 1666"
[1] "Tag 1667"
[1] "Tag 1668"
[1] "Tag 1669"
[1] "Tag 1670"
[1] "Tag 1671"
[1] "Tag 1672"
[1] "Tag 1673"
[1] "Tag 1674"
[1] "Tag 1675"
[1] "Tag 1676"
[1] "Tag 1677"
[1] "Tag 1678"
[1] "Tag 1679"
[1] "Tag 1680"
[1] "Tag 1681"
[1] "Tag 1682"
[1] "Tag 1683"
[1] "Tag 1684"
[1] "Tag 1685"
[1] "Tag 1686"
[1] "Tag 1687"
[1] "Tag 1688"
[1] "Tag 1689"
[1] "Tag 1690"
[1] "Tag 1691"
[1] "Tag 1692"
[1] "Tag 1693"
[1] "Tag 1694"
[1] "Tag 1695"
[1] "Tag 1696"
[1] "Tag 1697"
[1] "Tag 1698"
[1] "Tag 1699"
[1] "Tag 1700"
[1] "Tag 1701"
[1] "Tag 1702"
[1] "Tag 1703"
[1] "Tag 1704"
[1] "Tag 1705"
[1] "Tag 1706"
[1] "Tag 1707"
[1] "Tag 1708"
[1] "Tag 1709"
[1] "Tag 1710"
[1] "Tag 1711"
[1] "Tag 1712"
[1] "Tag 1713"
[1] "Tag 1714"
[1] "Tag 1715"
[1] "Tag 1716"
[1] "Tag 1717"
[1] "Tag 1718"
[1] "Tag 1719"
[1] "Tag 1720"
[1] "Tag 1721"
[1] "Tag 1722"
[1] "Tag 1723"
[1] "Tag 1724"
[1] "Tag 1725"
[1] "Tag 1726"
[1] "Tag 1727"
[1] "Tag 1728"
[1] "Tag 1729"
[1] "Tag 1730"
[1] "Tag 1731"
[1] "Tag 1732"
[1] "Tag 1733"
[1] "Tag 1734"
[1] "Tag 1735"
[1] "Tag 1736"
[1] "Tag 1737"
[1] "Tag 1738"
[1] "Tag 1739"
[1] "Tag 1740"
[1] "Tag 1741"
[1] "Tag 1742"
[1] "Tag 1743"
[1] "Tag 1744"
[1] "Tag 1745"
[1] "Tag 1746"
[1] "Tag 1747"
[1] "Tag 1748"
[1] "Tag 1749"
[1] "Tag 1750"
[1] "Tag 1751"
[1] "Tag 1752"
[1] "Tag 1753"
[1] "Tag 1754"
[1] "Tag 1755"
[1] "Tag 1756"
[1] "Tag 1757"
[1] "Tag 1758"
[1] "Tag 1759"
[1] "Tag 1760"
[1] "Tag 1761"
[1] "Tag 1762"
[1] "Tag 1763"
[1] "Tag 1764"
[1] "Tag 1765"
[1] "Tag 1766"
[1] "Tag 1767"
[1] "Tag 1768"
[1] "Tag 1769"
[1] "Tag 1770"
[1] "Tag 1771"
[1] "Tag 1772"
[1] "Tag 1773"
[1] "Tag 1774"
[1] "Tag 1775"
[1] "Tag 1776"
[1] "Tag 1777"
[1] "Tag 1778"
[1] "Tag 1779"
[1] "Tag 1780"
[1] "Tag 1781"
[1] "Tag 1782"
[1] "Tag 1783"
[1] "Tag 1784"
[1] "Tag 1785"
[1] "Tag 1786"
[1] "Tag 1787"
[1] "Tag 1788"
[1] "Tag 1789"
[1] "Tag 1790"
[1] "Tag 1791"
[1] "Tag 1792"
[1] "Tag 1793"
[1] "Tag 1794"
[1] "Tag 1795"
[1] "Tag 1796"
[1] "Tag 1797"
[1] "Tag 1798"
[1] "Tag 1799"
[1] "Tag 1800"
[1] "Tag 1801"
[1] "Tag 1802"
[1] "Tag 1803"
[1] "Tag 1804"
[1] "Tag 1805"
[1] "Tag 1806"
[1] "Tag 1807"
[1] "Tag 1808"
[1] "Tag 1809"
[1] "Tag 1810"
[1] "Tag 1811"
[1] "Tag 1812"
[1] "Tag 1813"
[1] "Tag 1814"
[1] "Tag 1815"
[1] "Tag 1816"
[1] "Tag 1817"
[1] "Tag 1818"
[1] "Tag 1819"
[1] "Tag 1820"
[1] "Tag 1821"
[1] "Tag 1822"
[1] "Tag 1823"
[1] "Tag 1824"
[1] "Tag 1825"
[1] "Tag 1826"
[1] "Tag 1827"
[1] "Tag 1828"
[1] "Tag 1829"
[1] "Tag 1830"
[1] "Tag 1831"
[1] "Tag 1832"
[1] "Tag 1833"
[1] "Tag 1834"
[1] "Tag 1835"
[1] "Tag 1836"
[1] "Tag 1837"
[1] "Tag 1838"
[1] "Tag 1839"
[1] "Tag 1840"
[1] "Tag 1841"
[1] "Tag 1842"
[1] "Tag 1843"
[1] "Tag 1844"
[1] "Tag 1845"
[1] "Tag 1846"
[1] "Tag 1847"
[1] "Tag 1848"
[1] "Tag 1849"
[1] "Tag 1850"
[1] "Tag 1851"
[1] "Tag 1852"
[1] "Tag 1853"
[1] "Tag 1854"
[1] "Tag 1855"
[1] "Tag 1856"
[1] "Tag 1857"
[1] "Tag 1858"
[1] "Tag 1859"
[1] "Tag 1860"
[1] "Tag 1861"
[1] "Tag 1862"
[1] "Tag 1863"
[1] "Tag 1864"
[1] "Tag 1865"
[1] "Tag 1866"
[1] "Tag 1867"
[1] "Tag 1868"
[1] "Tag 1869"
[1] "Tag 1870"
[1] "Tag 1871"
[1] "Tag 1872"
[1] "Tag 1873"
[1] "Tag 1874"
[1] "Tag 1875"
[1] "Tag 1876"
[1] "Tag 1877"
[1] "Tag 1878"
[1] "Tag 1879"
[1] "Tag 1880"
[1] "Tag 1881"
[1] "Tag 1882"
[1] "Tag 1883"
[1] "Tag 1884"
[1] "Tag 1885"
[1] "Tag 1886"
[1] "Tag 1887"
[1] "Tag 1888"
[1] "Tag 1889"
[1] "Tag 1890"
[1] "Tag 1891"
[1] "Tag 1892"
[1] "Tag 1893"
[1] "Tag 1894"
[1] "Tag 1895"
[1] "Tag 1896"
[1] "Tag 1897"
[1] "Tag 1898"
[1] "Tag 1899"
[1] "Tag 1900"
[1] "Tag 1901"
[1] "Tag 1902"
[1] "Tag 1903"
[1] "Tag 1904"
[1] "Tag 1905"
[1] "Tag 1906"
[1] "Tag 1907"
[1] "Tag 1908"
[1] "Tag 1909"
[1] "Tag 1910"
[1] "Tag 1911"
[1] "Tag 1912"
[1] "Tag 1913"
[1] "Tag 1914"
[1] "Tag 1915"
[1] "Tag 1916"
[1] "Tag 1917"
[1] "Tag 1918"
[1] "Tag 1919"
[1] "Tag 1920"
[1] "Tag 1921"
[1] "Tag 1922"
[1] "Tag 1923"
[1] "Tag 1924"
[1] "Tag 1925"
[1] "Tag 1926"
[1] "Tag 1927"
[1] "Tag 1928"
[1] "Tag 1929"
[1] "Tag 1930"
[1] "Tag 1931"
[1] "Tag 1932"
[1] "Tag 1933"
[1] "Tag 1934"
[1] "Tag 1935"
[1] "Tag 1936"
[1] "Tag 1937"
[1] "Tag 1938"
[1] "Tag 1939"
[1] "Tag 1940"
[1] "Tag 1941"
[1] "Tag 1942"
[1] "Tag 1943"
[1] "Tag 1944"
[1] "Tag 1945"
[1] "Tag 1946"
[1] "Tag 1947"
[1] "Tag 1948"
[1] "Tag 1949"
[1] "Tag 1950"
[1] "Tag 1951"
[1] "Tag 1952"
[1] "Tag 1953"
[1] "Tag 1954"
[1] "Tag 1955"
[1] "Tag 1956"
[1] "Tag 1957"
[1] "Tag 1958"
[1] "Tag 1959"
[1] "Tag 1960"
[1] "Tag 1961"
[1] "Tag 1962"
[1] "Tag 1963"
[1] "Tag 1964"
[1] "Tag 1965"
[1] "Tag 1966"
[1] "Tag 1967"
[1] "Tag 1968"
[1] "Tag 1969"
[1] "Tag 1970"
[1] "Tag 1971"
[1] "Tag 1972"
[1] "Tag 1973"
[1] "Tag 1974"
[1] "Tag 1975"
[1] "Tag 1976"
[1] "Tag 1977"
[1] "Tag 1978"
[1] "Tag 1979"
[1] "Tag 1980"
[1] "Tag 1981"
[1] "Tag 1982"
[1] "Tag 1983"
[1] "Tag 1984"
[1] "Tag 1985"
[1] "Tag 1986"
[1] "Tag 1987"
[1] "Tag 1988"
[1] "Tag 1989"
[1] "Tag 1990"
[1] "Tag 1991"
[1] "Tag 1992"
[1] "Tag 1993"
[1] "Tag 1994"
[1] "Tag 1995"
[1] "Tag 1996"
[1] "Tag 1997"
[1] "Tag 1998"
[1] "Tag 1999"
[1] "Tag 2000"
[1] "Tag 2001"
[1] "Tag 2002"
[1] "Tag 2003"
[1] "Tag 2004"
[1] "Tag 2005"
[1] "Tag 2006"
[1] "Tag 2007"
[1] "Tag 2008"
[1] "Tag 2009"
[1] "Tag 2010"
[1] "Tag 2011"
[1] "Tag 2012"
[1] "Tag 2013"
[1] "Tag 2014"
[1] "Tag 2015"
[1] "Tag 2016"
[1] "Tag 2017"
[1] "Tag 2018"
[1] "Tag 2019"
[1] "Tag 2020"
[1] "Tag 2021"
[1] "Tag 2022"
[1] "Tag 2023"
[1] "Tag 2024"
[1] "Tag 2025"
[1] "Tag 2026"
[1] "Tag 2027"
[1] "Tag 2028"
[1] "Tag 2029"
[1] "Tag 2030"
[1] "Tag 2031"
[1] "Tag 2032"
[1] "Tag 2033"
[1] "Tag 2034"
[1] "Tag 2035"
[1] "Tag 2036"
[1] "Tag 2037"
[1] "Tag 2038"
[1] "Tag 2039"
[1] "Tag 2040"
[1] "Tag 2041"
[1] "Tag 2042"
[1] "Tag 2043"
[1] "Tag 2044"
[1] "Tag 2045"
[1] "Tag 2046"
[1] "Tag 2047"
[1] "Tag 2048"
[1] "Tag 2049"
[1] "Tag 2050"
[1] "Tag 2051"
[1] "Tag 2052"
[1] "Tag 2053"
[1] "Tag 2054"
[1] "Tag 2055"
[1] "Tag 2056"
[1] "Tag 2057"
[1] "Tag 2058"
[1] "Tag 2059"
[1] "Tag 2060"
[1] "Tag 2061"
[1] "Tag 2062"
[1] "Tag 2063"
[1] "Tag 2064"
[1] "Tag 2065"
[1] "Tag 2066"
[1] "Tag 2067"
[1] "Tag 2068"
[1] "Tag 2069"
[1] "Tag 2070"
[1] "Tag 2071"
[1] "Tag 2072"
[1] "Tag 2073"
[1] "Tag 2074"
[1] "Tag 2075"
[1] "Tag 2076"
[1] "Tag 2077"
[1] "Tag 2078"
[1] "Tag 2079"
[1] "Tag 2080"
[1] "Tag 2081"
[1] "Tag 2082"
[1] "Tag 2083"
[1] "Tag 2084"
[1] "Tag 2085"
[1] "Tag 2086"
[1] "Tag 2087"
[1] "Tag 2088"
[1] "Tag 2089"
[1] "Tag 2090"
[1] "Tag 2091"
[1] "Tag 2092"
[1] "Tag 2093"
[1] "Tag 2094"
[1] "Tag 2095"
[1] "Tag 2096"
[1] "Tag 2097"
[1] "Tag 2098"
[1] "Tag 2099"
[1] "Tag 2100"
[1] "Tag 2101"
[1] "Tag 2102"
[1] "Tag 2103"
[1] "Tag 2104"
[1] "Tag 2105"
[1] "Tag 2106"
[1] "Tag 2107"
[1] "Tag 2108"
[1] "Tag 2109"
[1] "Tag 2110"
[1] "Tag 2111"
[1] "Tag 2112"
[1] "Tag 2113"
[1] "Tag 2114"
[1] "Tag 2115"
[1] "Tag 2116"
[1] "Tag 2117"
[1] "Tag 2118"
[1] "Tag 2119"
[1] "Tag 2120"
[1] "Tag 2121"
[1] "Tag 2122"
[1] "Tag 2123"
[1] "Tag 2124"
[1] "Tag 2125"
[1] "Tag 2126"
[1] "Tag 2127"
[1] "Tag 2128"
[1] "Tag 2129"
[1] "Tag 2130"
[1] "Tag 2131"
[1] "Tag 2132"
[1] "Tag 2133"
[1] "Tag 2134"
[1] "Tag 2135"
[1] "Tag 2136"
[1] "Tag 2137"
[1] "Tag 2138"
[1] "Tag 2139"
[1] "Tag 2140"
[1] "Tag 2141"
[1] "Tag 2142"
[1] "Tag 2143"
[1] "Tag 2144"
[1] "Tag 2145"
[1] "Tag 2146"
[1] "Tag 2147"
[1] "Tag 2148"
[1] "Tag 2149"
[1] "Tag 2150"
[1] "Tag 2151"
[1] "Tag 2152"
[1] "Tag 2153"
[1] "Tag 2154"
[1] "Tag 2155"
[1] "Tag 2156"
[1] "Tag 2157"
[1] "Tag 2158"
[1] "Tag 2159"
[1] "Tag 2160"
[1] "Tag 2161"
[1] "Tag 2162"
[1] "Tag 2163"
[1] "Tag 2164"
[1] "Tag 2165"
[1] "Tag 2166"
[1] "Tag 2167"
[1] "Tag 2168"
[1] "Tag 2169"
[1] "Tag 2170"
[1] "Tag 2171"
[1] "Tag 2172"
[1] "Tag 2173"
[1] "Tag 2174"
[1] "Tag 2175"
[1] "Tag 2176"
[1] "Tag 2177"
[1] "Tag 2178"
[1] "Tag 2179"
[1] "Tag 2180"
[1] "Tag 2181"
[1] "Tag 2182"
[1] "Tag 2183"
[1] "Tag 2184"
[1] "Tag 2185"
[1] "Tag 2186"
[1] "Tag 2187"
[1] "Tag 2188"
[1] "Tag 2189"
[1] "Tag 2190"
[1] "Tag 2191"
[1] "Tag 2192"
[1] "Tag 2193"
[1] "Tag 2194"
[1] "Tag 2195"
[1] "Tag 2196"
[1] "Tag 2197"
[1] "Tag 2198"
[1] "Tag 2199"
[1] "Tag 2200"
[1] "Tag 2201"
[1] "Tag 2202"
[1] "Tag 2203"
[1] "Tag 2204"
[1] "Tag 2205"
[1] "Tag 2206"
[1] "Tag 2207"
[1] "Tag 2208"
[1] "Tag 2209"
[1] "Tag 2210"
[1] "Tag 2211"
[1] "Tag 2212"
[1] "Tag 2213"
[1] "Tag 2214"
[1] "Tag 2215"
[1] "Tag 2216"
[1] "Tag 2217"
[1] "Tag 2218"
[1] "Tag 2219"
[1] "Tag 2220"
[1] "Tag 2221"
[1] "Tag 2222"
[1] "Tag 2223"
[1] "Tag 2224"
[1] "Tag 2225"
[1] "Tag 2226"
[1] "Tag 2227"
[1] "Tag 2228"
[1] "Tag 2229"
[1] "Tag 2230"
[1] "Tag 2231"
[1] "Tag 2232"
[1] "Tag 2233"
[1] "Tag 2234"
[1] "Tag 2235"
[1] "Tag 2236"
[1] "Tag 2237"
[1] "Tag 2238"
[1] "Tag 2239"
[1] "Tag 2240"
[1] "Tag 2241"
[1] "Tag 2242"
[1] "Tag 2243"
[1] "Tag 2244"
[1] "Tag 2245"
[1] "Tag 2246"
[1] "Tag 2247"
[1] "Tag 2248"
[1] "Tag 2249"
[1] "Tag 2250"
[1] "Tag 2251"
[1] "Tag 2252"
[1] "Tag 2253"
[1] "Tag 2254"
[1] "Tag 2255"
[1] "Tag 2256"
[1] "Tag 2257"
[1] "Tag 2258"
[1] "Tag 2259"
[1] "Tag 2260"
[1] "Tag 2261"
[1] "Tag 2262"
[1] "Tag 2263"
[1] "Tag 2264"
[1] "Tag 2265"
[1] "Tag 2266"
[1] "Tag 2267"
[1] "Tag 2268"
[1] "Tag 2269"
[1] "Tag 2270"
[1] "Tag 2271"
[1] "Tag 2272"
[1] "Tag 2273"
[1] "Tag 2274"
[1] "Tag 2275"
[1] "Tag 2276"
[1] "Tag 2277"
[1] "Tag 2278"
[1] "Tag 2279"
[1] "Tag 2280"
[1] "Tag 2281"
[1] "Tag 2282"
[1] "Tag 2283"
[1] "Tag 2284"
[1] "Tag 2285"
[1] "Tag 2286"
[1] "Tag 2287"
[1] "Tag 2288"
[1] "Tag 2289"
[1] "Tag 2290"
[1] "Tag 2291"
[1] "Tag 2292"
[1] "Tag 2293"
[1] "Tag 2294"
[1] "Tag 2295"
[1] "Tag 2296"
[1] "Tag 2297"
[1] "Tag 2298"
[1] "Tag 2299"
[1] "Tag 2300"
[1] "Tag 2301"
[1] "Tag 2302"
[1] "Tag 2303"
[1] "Tag 2304"
[1] "Tag 2305"
[1] "Tag 2306"
[1] "Tag 2307"
[1] "Tag 2308"
[1] "Tag 2309"
[1] "Tag 2310"
[1] "Tag 2311"
[1] "Tag 2312"
[1] "Tag 2313"
[1] "Tag 2314"
[1] "Tag 2315"
[1] "Tag 2316"
[1] "Tag 2317"
[1] "Tag 2318"
[1] "Tag 2319"
[1] "Tag 2320"
[1] "Tag 2321"
[1] "Tag 2322"
[1] "Tag 2323"
[1] "Tag 2324"
[1] "Tag 2325"
[1] "Tag 2326"
[1] "Tag 2327"
[1] "Tag 2328"
[1] "Tag 2329"
[1] "Tag 2330"
[1] "Tag 2331"
[1] "Tag 2332"
[1] "Tag 2333"
[1] "Tag 2334"
[1] "Tag 2335"
[1] "Tag 2336"
[1] "Tag 2337"
[1] "Tag 2338"
[1] "Tag 2339"
[1] "Tag 2340"
[1] "Tag 2341"
[1] "Tag 2342"
[1] "Tag 2343"
[1] "Tag 2344"
[1] "Tag 2345"
[1] "Tag 2346"
[1] "Tag 2347"
[1] "Tag 2348"
[1] "Tag 2349"
[1] "Tag 2350"
[1] "Tag 2351"
[1] "Tag 2352"
[1] "Tag 2353"
[1] "Tag 2354"
[1] "Tag 2355"
[1] "Tag 2356"
[1] "Tag 2357"
[1] "Tag 2358"
[1] "Tag 2359"
[1] "Tag 2360"
[1] "Tag 2361"
[1] "Tag 2362"
[1] "Tag 2363"
[1] "Tag 2364"
[1] "Tag 2365"
[1] "Tag 2366"
[1] "Tag 2367"
[1] "Tag 2368"
[1] "Tag 2369"
[1] "Tag 2370"
[1] "Tag 2371"
[1] "Tag 2372"
[1] "Tag 2373"
[1] "Tag 2374"
[1] "Tag 2375"
[1] "Tag 2376"
[1] "Tag 2377"
[1] "Tag 2378"
[1] "Tag 2379"
[1] "Tag 2380"
[1] "Tag 2381"
[1] "Tag 2382"
[1] "Tag 2383"
[1] "Tag 2384"
[1] "Tag 2385"
[1] "Tag 2386"
[1] "Tag 2387"
[1] "Tag 2388"
[1] "Tag 2389"
[1] "Tag 2390"
[1] "Tag 2391"
[1] "Tag 2392"
[1] "Tag 2393"
[1] "Tag 2394"
[1] "Tag 2395"
[1] "Tag 2396"
[1] "Tag 2397"
[1] "Tag 2398"
[1] "Tag 2399"
[1] "Tag 2400"
[1] "Tag 2401"
[1] "Tag 2402"
[1] "Tag 2403"
[1] "Tag 2404"
[1] "Tag 2405"
[1] "Tag 2406"
[1] "Tag 2407"
[1] "Tag 2408"
[1] "Tag 2409"
[1] "Tag 2410"
[1] "Tag 2411"
[1] "Tag 2412"
[1] "Tag 2413"
[1] "Tag 2414"
[1] "Tag 2415"
[1] "Tag 2416"
[1] "Tag 2417"
[1] "Tag 2418"
[1] "Tag 2419"
[1] "Tag 2420"
[1] "Tag 2421"
[1] "Tag 2422"
[1] "Tag 2423"
[1] "Tag 2424"
[1] "Tag 2425"
[1] "Tag 2426"
[1] "Tag 2427"
[1] "Tag 2428"
[1] "Tag 2429"
[1] "Tag 2430"
[1] "Tag 2431"
[1] "Tag 2432"
[1] "Tag 2433"
[1] "Tag 2434"
[1] "Tag 2435"
[1] "Tag 2436"
[1] "Tag 2437"
[1] "Tag 2438"
[1] "Tag 2439"
[1] "Tag 2440"
[1] "Tag 2441"
[1] "Tag 2442"
[1] "Tag 2443"
[1] "Tag 2444"
[1] "Tag 2445"
[1] "Tag 2446"
[1] "Tag 2447"
[1] "Tag 2448"
[1] "Tag 2449"
[1] "Tag 2450"
[1] "Tag 2451"
[1] "Tag 2452"
[1] "Tag 2453"
[1] "Tag 2454"
[1] "Tag 2455"
[1] "Tag 2456"
[1] "Tag 2457"
[1] "Tag 2458"
[1] "Tag 2459"
[1] "Tag 2460"
[1] "Tag 2461"
[1] "Tag 2462"
[1] "Tag 2463"
[1] "Tag 2464"
[1] "Tag 2465"
[1] "Tag 2466"
[1] "Tag 2467"
[1] "Tag 2468"
[1] "Tag 2469"
[1] "Tag 2470"
[1] "Tag 2471"
[1] "Tag 2472"
[1] "Tag 2473"
[1] "Tag 2474"
[1] "Tag 2475"
[1] "Tag 2476"
[1] "Tag 2477"
[1] "Tag 2478"
[1] "Tag 2479"
[1] "Tag 2480"
[1] "Tag 2481"
[1] "Tag 2482"
[1] "Tag 2483"
[1] "Tag 2484"
[1] "Tag 2485"
[1] "Tag 2486"
[1] "Tag 2487"
[1] "Tag 2488"
[1] "Tag 2489"
[1] "Tag 2490"
[1] "Tag 2491"
[1] "Tag 2492"
[1] "Tag 2493"
[1] "Tag 2494"
[1] "Tag 2495"
[1] "Tag 2496"
[1] "Tag 2497"
[1] "Tag 2498"
[1] "Tag 2499"
[1] "Tag 2500"
[1] "Tag 2501"
[1] "Tag 2502"
[1] "Tag 2503"
[1] "Tag 2504"
[1] "Tag 2505"
[1] "Tag 2506"
[1] "Tag 2507"
[1] "Tag 2508"
[1] "Tag 2509"
[1] "Tag 2510"
[1] "Tag 2511"
[1] "Tag 2512"
[1] "Tag 2513"
[1] "Tag 2514"
[1] "Tag 2515"
[1] "Tag 2516"
[1] "Tag 2517"
[1] "Tag 2518"
[1] "Tag 2519"
[1] "Tag 2520"
[1] "Tag 2521"
[1] "Tag 2522"
[1] "Tag 2523"
[1] "Tag 2524"
[1] "Tag 2525"
[1] "Tag 2526"
[1] "Tag 2527"
[1] "Tag 2528"
[1] "Tag 2529"
[1] "Tag 2530"
[1] "Tag 2531"
[1] "Tag 2532"
[1] "Tag 2533"
[1] "Tag 2534"
[1] "Tag 2535"
[1] "Tag 2536"
[1] "Tag 2537"
[1] "Tag 2538"
[1] "Tag 2539"
[1] "Tag 2540"
[1] "Tag 2541"
[1] "Tag 2542"
[1] "Tag 2543"
[1] "Tag 2544"
[1] "Tag 2545"
[1] "Tag 2546"
[1] "Tag 2547"
[1] "Tag 2548"
[1] "Tag 2549"
[1] "Tag 2550"
[1] "Tag 2551"
[1] "Tag 2552"
[1] "Tag 2553"
[1] "Tag 2554"
[1] "Tag 2555"
[1] "Tag 2556"
[1] "Tag 2557"
[1] "Tag 2558"
[1] "Tag 2559"
[1] "Tag 2560"
[1] "Tag 2561"
[1] "Tag 2562"
[1] "Tag 2563"
[1] "Tag 2564"
[1] "Tag 2565"
[1] "Tag 2566"
[1] "Tag 2567"
[1] "Tag 2568"
[1] "Tag 2569"
[1] "Tag 2570"
[1] "Tag 2571"
[1] "Tag 2572"
[1] "Tag 2573"
[1] "Tag 2574"
[1] "Tag 2575"
[1] "Tag 2576"
[1] "Tag 2577"
[1] "Tag 2578"
[1] "Tag 2579"
[1] "Tag 2580"
[1] "Tag 2581"
[1] "Tag 2582"
[1] "Tag 2583"
[1] "Tag 2584"
[1] "Tag 2585"
[1] "Tag 2586"
[1] "Tag 2587"
[1] "Tag 2588"
[1] "Tag 2589"
[1] "Tag 2590"
[1] "Tag 2591"
[1] "Tag 2592"
[1] "Tag 2593"
[1] "Tag 2594"
[1] "Tag 2595"
[1] "Tag 2596"
[1] "Tag 2597"
[1] "Tag 2598"
[1] "Tag 2599"
[1] "Tag 2600"
[1] "Tag 2601"
[1] "Tag 2602"
[1] "Tag 2603"
[1] "Tag 2604"
[1] "Tag 2605"
[1] "Tag 2606"
[1] "Tag 2607"
[1] "Tag 2608"
[1] "Tag 2609"
[1] "Tag 2610"
[1] "Tag 2611"
[1] "Tag 2612"
[1] "Tag 2613"
[1] "Tag 2614"
[1] "Tag 2615"
[1] "Tag 2616"
[1] "Tag 2617"
[1] "Tag 2618"
[1] "Tag 2619"
[1] "Tag 2620"
[1] "Tag 2621"
[1] "Tag 2622"
[1] "Tag 2623"
[1] "Tag 2624"
[1] "Tag 2625"
[1] "Tag 2626"
[1] "Tag 2627"
[1] "Tag 2628"
[1] "Tag 2629"
[1] "Tag 2630"
[1] "Tag 2631"
[1] "Tag 2632"
[1] "Tag 2633"
[1] "Tag 2634"
[1] "Tag 2635"
[1] "Tag 2636"
[1] "Tag 2637"
[1] "Tag 2638"
[1] "Tag 2639"
[1] "Tag 2640"
[1] "Tag 2641"
[1] "Tag 2642"
[1] "Tag 2643"
[1] "Tag 2644"
[1] "Tag 2645"
[1] "Tag 2646"
[1] "Tag 2647"
[1] "Tag 2648"
[1] "Tag 2649"
[1] "Tag 2650"
[1] "Tag 2651"
[1] "Tag 2652"
[1] "Tag 2653"
[1] "Tag 2654"
[1] "Tag 2655"
[1] "Tag 2656"
[1] "Tag 2657"
[1] "Tag 2658"
[1] "Tag 2659"
[1] "Tag 2660"
[1] "Tag 2661"
[1] "Tag 2662"
[1] "Tag 2663"
[1] "Tag 2664"
[1] "Tag 2665"
[1] "Tag 2666"
[1] "Tag 2667"
[1] "Tag 2668"
[1] "Tag 2669"
[1] "Tag 2670"
[1] "Tag 2671"
[1] "Tag 2672"
[1] "Tag 2673"
[1] "Tag 2674"
[1] "Tag 2675"
[1] "Tag 2676"
[1] "Tag 2677"
[1] "Tag 2678"
[1] "Tag 2679"
[1] "Tag 2680"
[1] "Tag 2681"
[1] "Tag 2682"
[1] "Tag 2683"
[1] "Tag 2684"
[1] "Tag 2685"
[1] "Tag 2686"
[1] "Tag 2687"
[1] "Tag 2688"
[1] "Tag 2689"
[1] "Tag 2690"
[1] "Tag 2691"
[1] "Tag 2692"
[1] "Tag 2693"
[1] "Tag 2694"
[1] "Tag 2695"
[1] "Tag 2696"
[1] "Tag 2697"
[1] "Tag 2698"
[1] "Tag 2699"
[1] "Tag 2700"
[1] "Tag 2701"
[1] "Tag 2702"
[1] "Tag 2703"
[1] "Tag 2704"
[1] "Tag 2705"
[1] "Tag 2706"
[1] "Tag 2707"
[1] "Tag 2708"
[1] "Tag 2709"
[1] "Tag 2710"
[1] "Tag 2711"
[1] "Tag 2712"
[1] "Tag 2713"
[1] "Tag 2714"
[1] "Tag 2715"
[1] "Tag 2716"
[1] "Tag 2717"
[1] "Tag 2718"
[1] "Tag 2719"
[1] "Tag 2720"
[1] "Tag 2721"
[1] "Tag 2722"
[1] "Tag 2723"
[1] "Tag 2724"
[1] "Tag 2725"
[1] "Tag 2726"
[1] "Tag 2727"
[1] "Tag 2728"
[1] "Tag 2729"
[1] "Tag 2730"
[1] "Tag 2731"
[1] "Tag 2732"
[1] "Tag 2733"
[1] "Tag 2734"
[1] "Tag 2735"
[1] "Tag 2736"
[1] "Tag 2737"
[1] "Tag 2738"
[1] "Tag 2739"
[1] "Tag 2740"
[1] "Tag 2741"
[1] "Tag 2742"
[1] "Tag 2743"
[1] "Tag 2744"
[1] "Tag 2745"
[1] "Tag 2746"
[1] "Tag 2747"
[1] "Tag 2748"
[1] "Tag 2749"
[1] "Tag 2750"
[1] "Tag 2751"
[1] "Tag 2752"
[1] "Tag 2753"
[1] "Tag 2754"
[1] "Tag 2755"
[1] "Tag 2756"
[1] "Tag 2757"
[1] "Tag 2758"
[1] "Tag 2759"
[1] "Tag 2760"
[1] "Tag 2761"
[1] "Tag 2762"
[1] "Tag 2763"
[1] "Tag 2764"
[1] "Tag 2765"
[1] "Tag 2766"
[1] "Tag 2767"
[1] "Tag 2768"
[1] "Tag 2769"
[1] "Tag 2770"
[1] "Tag 2771"
[1] "Tag 2772"
[1] "Tag 2773"
[1] "Tag 2774"
[1] "Tag 2775"
[1] "Tag 2776"
[1] "Tag 2777"
[1] "Tag 2778"
[1] "Tag 2779"
[1] "Tag 2780"
[1] "Tag 2781"
[1] "Tag 2782"
[1] "Tag 2783"
[1] "Tag 2784"
[1] "Tag 2785"
[1] "Tag 2786"
[1] "Tag 2787"
[1] "Tag 2788"
[1] "Tag 2789"
[1] "Tag 2790"
[1] "Tag 2791"
[1] "Tag 2792"
[1] "Tag 2793"
[1] "Tag 2794"
[1] "Tag 2795"
[1] "Tag 2796"
[1] "Tag 2797"
[1] "Tag 2798"
[1] "Tag 2799"
[1] "Tag 2800"
[1] "Tag 2801"
[1] "Tag 2802"
[1] "Tag 2803"
[1] "Tag 2804"
[1] "Tag 2805"
[1] "Tag 2806"
[1] "Tag 2807"
[1] "Tag 2808"
[1] "Tag 2809"
[1] "Tag 2810"
[1] "Tag 2811"
[1] "Tag 2812"
[1] "Tag 2813"
[1] "Tag 2814"
[1] "Tag 2815"
[1] "Tag 2816"
[1] "Tag 2817"
[1] "Tag 2818"
[1] "Tag 2819"
[1] "Tag 2820"
[1] "Tag 2821"
[1] "Tag 2822"
[1] "Tag 2823"
[1] "Tag 2824"
[1] "Tag 2825"
[1] "Tag 2826"
[1] "Tag 2827"
[1] "Tag 2828"
[1] "Tag 2829"
[1] "Tag 2830"
[1] "Tag 2831"
[1] "Tag 2832"
[1] "Tag 2833"
[1] "Tag 2834"
[1] "Tag 2835"
[1] "Tag 2836"
[1] "Tag 2837"
[1] "Tag 2838"
[1] "Tag 2839"
[1] "Tag 2840"
[1] "Tag 2841"
[1] "Tag 2842"
[1] "Tag 2843"
[1] "Tag 2844"
[1] "Tag 2845"
[1] "Tag 2846"
[1] "Tag 2847"
[1] "Tag 2848"
[1] "Tag 2849"
[1] "Tag 2850"
[1] "Tag 2851"
[1] "Tag 2852"
[1] "Tag 2853"
[1] "Tag 2854"
[1] "Tag 2855"
[1] "Tag 2856"
[1] "Tag 2857"
[1] "Tag 2858"
[1] "Tag 2859"
[1] "Tag 2860"
[1] "Tag 2861"
[1] "Tag 2862"
[1] "Tag 2863"
[1] "Tag 2864"
[1] "Tag 2865"
[1] "Tag 2866"
[1] "Tag 2867"
[1] "Tag 2868"
[1] "Tag 2869"
[1] "Tag 2870"
[1] "Tag 2871"
[1] "Tag 2872"
[1] "Tag 2873"
[1] "Tag 2874"
[1] "Tag 2875"
[1] "Tag 2876"
