── Attaching packages ─────────────────────────────────────── tidyverse 1.3.1 ──
✔ ggplot2 3.3.6     ✔ purrr   0.3.4
✔ tibble  3.1.7     ✔ dplyr   1.0.9
✔ tidyr   1.2.0     ✔ stringr 1.4.0
✔ readr   2.1.2     ✔ forcats 0.5.1
── Conflicts ────────────────────────────────────────── tidyverse_conflicts() ──
✖ dplyr::filter() masks stats::filter()
✖ dplyr::lag()    masks stats::lag()

Attaching package: ‘lubridate’

The following objects are masked from ‘package:base’:

    date, intersect, setdiff, union


Attaching package: ‘janitor’

The following objects are masked from ‘package:stats’:

    chisq.test, fisher.test

Loading required package: coda
Linked to JAGS 4.3.1
Loaded modules: basemod,bugs

Attaching package: ‘jagsUI’

The following object is masked from ‘package:coda’:

    traceplot


Attaching package: ‘R2jags’

The following objects are masked from ‘package:jagsUI’:

    autojags, jags, traceplot

The following object is masked from ‘package:coda’:

    traceplot

[1] "Run: 1"
[1] "2022-05-18 16:10:49 PDT"
[1] "Run: 2"
[1] "2022-05-18 16:33:54 PDT"
[1] "Run: 3"
[1] "2022-05-18 16:58:07 PDT"
[1] "Run: 4"
[1] "2022-05-18 17:21:57 PDT"
[1] "Run: 5"
[1] "2022-05-18 17:45:43 PDT"
[1] "Run: 6"
[1] "2022-05-18 18:10:19 PDT"
[1] "Run: 7"
[1] "2022-05-18 18:33:59 PDT"
[1] "Run: 8"
[1] "2022-05-18 18:58:21 PDT"
[1] "Run: 9"
[1] "2022-05-18 19:22:19 PDT"
[1] "Run: 10"
[1] "2022-05-18 19:47:38 PDT"
slurmstepd: error: *** JOB 2730388 ON n2041 CANCELLED AT 2022-05-18T20:10:41 DUE TO TIME LIMIT ***
